\BOOKMARK [0][-]{chapter.1}{\376\377\0001\000\040\000G\000N\000U\000\040\000U\000n\000i\000f\000o\000n\000t}{}% 1
\BOOKMARK [1][-]{section.1.1}{\376\377\0001\000.\0001\000\040\000G\000N\000U\000\040\000U\000n\000i\000f\000o\000n\000t\000\040\000C\000\040\000U\000t\000i\000l\000i\000t\000i\000e\000s}{chapter.1}% 2
\BOOKMARK [1][-]{section.1.2}{\376\377\0001\000.\0002\000\040\000L\000I\000C\000E\000N\000S\000E}{chapter.1}% 3
\BOOKMARK [1][-]{section.1.3}{\376\377\0001\000.\0003\000\040\000I\000n\000t\000r\000o\000d\000u\000c\000t\000i\000o\000n}{chapter.1}% 4
\BOOKMARK [1][-]{section.1.4}{\376\377\0001\000.\0004\000\040\000T\000h\000e\000\040\000C\000\040\000P\000r\000o\000g\000r\000a\000m\000s}{chapter.1}% 5
\BOOKMARK [1][-]{section.1.5}{\376\377\0001\000.\0005\000\040\000P\000e\000r\000l\000\040\000S\000c\000r\000i\000p\000t\000s}{chapter.1}% 6
\BOOKMARK [0][-]{chapter.2}{\376\377\0002\000\040\000D\000a\000t\000a\000\040\000S\000t\000r\000u\000c\000t\000u\000r\000e\000\040\000I\000n\000d\000e\000x}{}% 7
\BOOKMARK [1][-]{section.2.1}{\376\377\0002\000.\0001\000\040\000D\000a\000t\000a\000\040\000S\000t\000r\000u\000c\000t\000u\000r\000e\000s}{chapter.2}% 8
\BOOKMARK [0][-]{chapter.3}{\376\377\0003\000\040\000F\000i\000l\000e\000\040\000I\000n\000d\000e\000x}{}% 9
\BOOKMARK [1][-]{section.3.1}{\376\377\0003\000.\0001\000\040\000F\000i\000l\000e\000\040\000L\000i\000s\000t}{chapter.3}% 10
\BOOKMARK [0][-]{chapter.4}{\376\377\0004\000\040\000D\000a\000t\000a\000\040\000S\000t\000r\000u\000c\000t\000u\000r\000e\000\040\000D\000o\000c\000u\000m\000e\000n\000t\000a\000t\000i\000o\000n}{}% 11
\BOOKMARK [1][-]{section.4.1}{\376\377\0004\000.\0001\000\040\000B\000u\000f\000f\000e\000r\000\040\000S\000t\000r\000u\000c\000t\000\040\000R\000e\000f\000e\000r\000e\000n\000c\000e}{chapter.4}% 12
\BOOKMARK [2][-]{subsection.4.1.1}{\376\377\0004\000.\0001\000.\0001\000\040\000D\000e\000t\000a\000i\000l\000e\000d\000\040\000D\000e\000s\000c\000r\000i\000p\000t\000i\000o\000n}{section.4.1}% 13
\BOOKMARK [2][-]{subsection.4.1.2}{\376\377\0004\000.\0001\000.\0002\000\040\000F\000i\000e\000l\000d\000\040\000D\000o\000c\000u\000m\000e\000n\000t\000a\000t\000i\000o\000n}{section.4.1}% 14
\BOOKMARK [3][-]{subsubsection.4.1.2.1}{\376\377\0004\000.\0001\000.\0002\000.\0001\000\040\000b\000e\000g\000i\000n}{subsection.4.1.2}% 15
\BOOKMARK [3][-]{subsubsection.4.1.2.2}{\376\377\0004\000.\0001\000.\0002\000.\0002\000\040\000c\000a\000p\000a\000c\000i\000t\000y}{subsection.4.1.2}% 16
\BOOKMARK [3][-]{subsubsection.4.1.2.3}{\376\377\0004\000.\0001\000.\0002\000.\0003\000\040\000e\000n\000d}{subsection.4.1.2}% 17
\BOOKMARK [3][-]{subsubsection.4.1.2.4}{\376\377\0004\000.\0001\000.\0002\000.\0004\000\040\000n\000e\000x\000t}{subsection.4.1.2}% 18
\BOOKMARK [1][-]{section.4.2}{\376\377\0004\000.\0002\000\040\000F\000o\000n\000t\000\040\000S\000t\000r\000u\000c\000t\000\040\000R\000e\000f\000e\000r\000e\000n\000c\000e}{chapter.4}% 19
\BOOKMARK [2][-]{subsection.4.2.1}{\376\377\0004\000.\0002\000.\0001\000\040\000D\000e\000t\000a\000i\000l\000e\000d\000\040\000D\000e\000s\000c\000r\000i\000p\000t\000i\000o\000n}{section.4.2}% 20
\BOOKMARK [2][-]{subsection.4.2.2}{\376\377\0004\000.\0002\000.\0002\000\040\000F\000i\000e\000l\000d\000\040\000D\000o\000c\000u\000m\000e\000n\000t\000a\000t\000i\000o\000n}{section.4.2}% 21
\BOOKMARK [3][-]{subsubsection.4.2.2.1}{\376\377\0004\000.\0002\000.\0002\000.\0001\000\040\000g\000l\000y\000p\000h\000C\000o\000u\000n\000t}{subsection.4.2.2}% 22
\BOOKMARK [3][-]{subsubsection.4.2.2.2}{\376\377\0004\000.\0002\000.\0002\000.\0002\000\040\000g\000l\000y\000p\000h\000s}{subsection.4.2.2}% 23
\BOOKMARK [3][-]{subsubsection.4.2.2.3}{\376\377\0004\000.\0002\000.\0002\000.\0003\000\040\000m\000a\000x\000W\000i\000d\000t\000h}{subsection.4.2.2}% 24
\BOOKMARK [3][-]{subsubsection.4.2.2.4}{\376\377\0004\000.\0002\000.\0002\000.\0004\000\040\000t\000a\000b\000l\000e\000s}{subsection.4.2.2}% 25
\BOOKMARK [1][-]{section.4.3}{\376\377\0004\000.\0003\000\040\000G\000l\000y\000p\000h\000\040\000S\000t\000r\000u\000c\000t\000\040\000R\000e\000f\000e\000r\000e\000n\000c\000e}{chapter.4}% 26
\BOOKMARK [2][-]{subsection.4.3.1}{\376\377\0004\000.\0003\000.\0001\000\040\000D\000e\000t\000a\000i\000l\000e\000d\000\040\000D\000e\000s\000c\000r\000i\000p\000t\000i\000o\000n}{section.4.3}% 27
\BOOKMARK [2][-]{subsection.4.3.2}{\376\377\0004\000.\0003\000.\0002\000\040\000F\000i\000e\000l\000d\000\040\000D\000o\000c\000u\000m\000e\000n\000t\000a\000t\000i\000o\000n}{section.4.3}% 28
\BOOKMARK [3][-]{subsubsection.4.3.2.1}{\376\377\0004\000.\0003\000.\0002\000.\0001\000\040\000b\000i\000t\000m\000a\000p}{subsection.4.3.2}% 29
\BOOKMARK [3][-]{subsubsection.4.3.2.2}{\376\377\0004\000.\0003\000.\0002\000.\0002\000\040\000b\000y\000t\000e\000C\000o\000u\000n\000t}{subsection.4.3.2}% 30
\BOOKMARK [3][-]{subsubsection.4.3.2.3}{\376\377\0004\000.\0003\000.\0002\000.\0003\000\040\000c\000o\000d\000e\000P\000o\000i\000n\000t}{subsection.4.3.2}% 31
\BOOKMARK [3][-]{subsubsection.4.3.2.4}{\376\377\0004\000.\0003\000.\0002\000.\0004\000\040\000c\000o\000m\000b\000i\000n\000i\000n\000g}{subsection.4.3.2}% 32
\BOOKMARK [3][-]{subsubsection.4.3.2.5}{\376\377\0004\000.\0003\000.\0002\000.\0005\000\040\000l\000s\000b}{subsection.4.3.2}% 33
\BOOKMARK [3][-]{subsubsection.4.3.2.6}{\376\377\0004\000.\0003\000.\0002\000.\0006\000\040\000p\000o\000s}{subsection.4.3.2}% 34
\BOOKMARK [1][-]{section.4.4}{\376\377\0004\000.\0004\000\040\000N\000a\000m\000e\000P\000a\000i\000r\000\040\000S\000t\000r\000u\000c\000t\000\040\000R\000e\000f\000e\000r\000e\000n\000c\000e}{chapter.4}% 35
\BOOKMARK [2][-]{subsection.4.4.1}{\376\377\0004\000.\0004\000.\0001\000\040\000D\000e\000t\000a\000i\000l\000e\000d\000\040\000D\000e\000s\000c\000r\000i\000p\000t\000i\000o\000n}{section.4.4}% 36
\BOOKMARK [2][-]{subsection.4.4.2}{\376\377\0004\000.\0004\000.\0002\000\040\000F\000i\000e\000l\000d\000\040\000D\000o\000c\000u\000m\000e\000n\000t\000a\000t\000i\000o\000n}{section.4.4}% 37
\BOOKMARK [3][-]{subsubsection.4.4.2.1}{\376\377\0004\000.\0004\000.\0002\000.\0001\000\040\000i\000d}{subsection.4.4.2}% 38
\BOOKMARK [3][-]{subsubsection.4.4.2.2}{\376\377\0004\000.\0004\000.\0002\000.\0002\000\040\000s\000t\000r}{subsection.4.4.2}% 39
\BOOKMARK [1][-]{section.4.5}{\376\377\0004\000.\0005\000\040\000O\000p\000t\000i\000o\000n\000s\000\040\000S\000t\000r\000u\000c\000t\000\040\000R\000e\000f\000e\000r\000e\000n\000c\000e}{chapter.4}% 40
\BOOKMARK [2][-]{subsection.4.5.1}{\376\377\0004\000.\0005\000.\0001\000\040\000D\000e\000t\000a\000i\000l\000e\000d\000\040\000D\000e\000s\000c\000r\000i\000p\000t\000i\000o\000n}{section.4.5}% 41
\BOOKMARK [2][-]{subsection.4.5.2}{\376\377\0004\000.\0005\000.\0002\000\040\000F\000i\000e\000l\000d\000\040\000D\000o\000c\000u\000m\000e\000n\000t\000a\000t\000i\000o\000n}{section.4.5}% 42
\BOOKMARK [3][-]{subsubsection.4.5.2.1}{\376\377\0004\000.\0005\000.\0002\000.\0001\000\040\000b\000i\000t\000m\000a\000p}{subsection.4.5.2}% 43
\BOOKMARK [3][-]{subsubsection.4.5.2.2}{\376\377\0004\000.\0005\000.\0002\000.\0002\000\040\000b\000l\000a\000n\000k\000O\000u\000t\000l\000i\000n\000e}{subsection.4.5.2}% 44
\BOOKMARK [3][-]{subsubsection.4.5.2.3}{\376\377\0004\000.\0005\000.\0002\000.\0003\000\040\000c\000f\000f}{subsection.4.5.2}% 45
\BOOKMARK [3][-]{subsubsection.4.5.2.4}{\376\377\0004\000.\0005\000.\0002\000.\0004\000\040\000g\000p\000o\000s}{subsection.4.5.2}% 46
\BOOKMARK [3][-]{subsubsection.4.5.2.5}{\376\377\0004\000.\0005\000.\0002\000.\0005\000\040\000g\000s\000u\000b}{subsection.4.5.2}% 47
\BOOKMARK [3][-]{subsubsection.4.5.2.6}{\376\377\0004\000.\0005\000.\0002\000.\0006\000\040\000h\000e\000x}{subsection.4.5.2}% 48
\BOOKMARK [3][-]{subsubsection.4.5.2.7}{\376\377\0004\000.\0005\000.\0002\000.\0007\000\040\000n\000a\000m\000e\000S\000t\000r\000i\000n\000g\000s}{subsection.4.5.2}% 49
\BOOKMARK [3][-]{subsubsection.4.5.2.8}{\376\377\0004\000.\0005\000.\0002\000.\0008\000\040\000o\000u\000t}{subsection.4.5.2}% 50
\BOOKMARK [3][-]{subsubsection.4.5.2.9}{\376\377\0004\000.\0005\000.\0002\000.\0009\000\040\000p\000o\000s}{subsection.4.5.2}% 51
\BOOKMARK [3][-]{subsubsection.4.5.2.10}{\376\377\0004\000.\0005\000.\0002\000.\0001\0000\000\040\000t\000r\000u\000e\000t\000y\000p\000e}{subsection.4.5.2}% 52
\BOOKMARK [1][-]{section.4.6}{\376\377\0004\000.\0006\000\040\000P\000A\000R\000A\000M\000S\000\040\000S\000t\000r\000u\000c\000t\000\040\000R\000e\000f\000e\000r\000e\000n\000c\000e}{chapter.4}% 53
\BOOKMARK [2][-]{subsection.4.6.1}{\376\377\0004\000.\0006\000.\0001\000\040\000D\000e\000t\000a\000i\000l\000e\000d\000\040\000D\000e\000s\000c\000r\000i\000p\000t\000i\000o\000n}{section.4.6}% 54
\BOOKMARK [2][-]{subsection.4.6.2}{\376\377\0004\000.\0006\000.\0002\000\040\000F\000i\000e\000l\000d\000\040\000D\000o\000c\000u\000m\000e\000n\000t\000a\000t\000i\000o\000n}{section.4.6}% 55
\BOOKMARK [3][-]{subsubsection.4.6.2.1}{\376\377\0004\000.\0006\000.\0002\000.\0001\000\040\000c\000h\000o\000\137\000e\000n\000d}{subsection.4.6.2}% 56
\BOOKMARK [3][-]{subsubsection.4.6.2.2}{\376\377\0004\000.\0006\000.\0002\000.\0002\000\040\000c\000h\000o\000\137\000s\000t\000a\000r\000t}{subsection.4.6.2}% 57
\BOOKMARK [3][-]{subsubsection.4.6.2.3}{\376\377\0004\000.\0006\000.\0002\000.\0003\000\040\000i\000n\000f\000p}{subsection.4.6.2}% 58
\BOOKMARK [3][-]{subsubsection.4.6.2.4}{\376\377\0004\000.\0006\000.\0002\000.\0004\000\040\000j\000o\000n\000g\000\137\000e\000n\000d}{subsection.4.6.2}% 59
\BOOKMARK [3][-]{subsubsection.4.6.2.5}{\376\377\0004\000.\0006\000.\0002\000.\0005\000\040\000j\000o\000n\000g\000\137\000s\000t\000a\000r\000t}{subsection.4.6.2}% 60
\BOOKMARK [3][-]{subsubsection.4.6.2.6}{\376\377\0004\000.\0006\000.\0002\000.\0006\000\040\000j\000u\000n\000g\000\137\000e\000n\000d}{subsection.4.6.2}% 61
\BOOKMARK [3][-]{subsubsection.4.6.2.7}{\376\377\0004\000.\0006\000.\0002\000.\0007\000\040\000j\000u\000n\000g\000\137\000s\000t\000a\000r\000t}{subsection.4.6.2}% 62
\BOOKMARK [3][-]{subsubsection.4.6.2.8}{\376\377\0004\000.\0006\000.\0002\000.\0008\000\040\000o\000u\000t\000f\000p}{subsection.4.6.2}% 63
\BOOKMARK [3][-]{subsubsection.4.6.2.9}{\376\377\0004\000.\0006\000.\0002\000.\0009\000\040\000s\000t\000a\000r\000t\000i\000n\000g\000\137\000c\000o\000d\000e\000p\000t}{subsection.4.6.2}% 64
\BOOKMARK [1][-]{section.4.7}{\376\377\0004\000.\0007\000\040\000T\000a\000b\000l\000e\000\040\000S\000t\000r\000u\000c\000t\000\040\000R\000e\000f\000e\000r\000e\000n\000c\000e}{chapter.4}% 65
\BOOKMARK [2][-]{subsection.4.7.1}{\376\377\0004\000.\0007\000.\0001\000\040\000D\000e\000t\000a\000i\000l\000e\000d\000\040\000D\000e\000s\000c\000r\000i\000p\000t\000i\000o\000n}{section.4.7}% 66
\BOOKMARK [2][-]{subsection.4.7.2}{\376\377\0004\000.\0007\000.\0002\000\040\000F\000i\000e\000l\000d\000\040\000D\000o\000c\000u\000m\000e\000n\000t\000a\000t\000i\000o\000n}{section.4.7}% 67
\BOOKMARK [3][-]{subsubsection.4.7.2.1}{\376\377\0004\000.\0007\000.\0002\000.\0001\000\040\000c\000o\000n\000t\000e\000n\000t}{subsection.4.7.2}% 68
\BOOKMARK [3][-]{subsubsection.4.7.2.2}{\376\377\0004\000.\0007\000.\0002\000.\0002\000\040\000t\000a\000g}{subsection.4.7.2}% 69
\BOOKMARK [1][-]{section.4.8}{\376\377\0004\000.\0008\000\040\000T\000a\000b\000l\000e\000R\000e\000c\000o\000r\000d\000\040\000S\000t\000r\000u\000c\000t\000\040\000R\000e\000f\000e\000r\000e\000n\000c\000e}{chapter.4}% 70
\BOOKMARK [2][-]{subsection.4.8.1}{\376\377\0004\000.\0008\000.\0001\000\040\000D\000e\000t\000a\000i\000l\000e\000d\000\040\000D\000e\000s\000c\000r\000i\000p\000t\000i\000o\000n}{section.4.8}% 71
\BOOKMARK [2][-]{subsection.4.8.2}{\376\377\0004\000.\0008\000.\0002\000\040\000F\000i\000e\000l\000d\000\040\000D\000o\000c\000u\000m\000e\000n\000t\000a\000t\000i\000o\000n}{section.4.8}% 72
\BOOKMARK [3][-]{subsubsection.4.8.2.1}{\376\377\0004\000.\0008\000.\0002\000.\0001\000\040\000c\000h\000e\000c\000k\000s\000u\000m}{subsection.4.8.2}% 73
\BOOKMARK [3][-]{subsubsection.4.8.2.2}{\376\377\0004\000.\0008\000.\0002\000.\0002\000\040\000l\000e\000n\000g\000t\000h}{subsection.4.8.2}% 74
\BOOKMARK [3][-]{subsubsection.4.8.2.3}{\376\377\0004\000.\0008\000.\0002\000.\0003\000\040\000o\000f\000f\000s\000e\000t}{subsection.4.8.2}% 75
\BOOKMARK [3][-]{subsubsection.4.8.2.4}{\376\377\0004\000.\0008\000.\0002\000.\0004\000\040\000t\000a\000g}{subsection.4.8.2}% 76
\BOOKMARK [0][-]{chapter.5}{\376\377\0005\000\040\000F\000i\000l\000e\000\040\000D\000o\000c\000u\000m\000e\000n\000t\000a\000t\000i\000o\000n}{}% 77
\BOOKMARK [1][-]{section.5.1}{\376\377\0005\000.\0001\000\040\000s\000r\000c\000/\000h\000a\000n\000g\000u\000l\000.\000h\000\040\000F\000i\000l\000e\000\040\000R\000e\000f\000e\000r\000e\000n\000c\000e}{chapter.5}% 78
\BOOKMARK [1][-]{section.5.2}{\376\377\0005\000.\0002\000\040\000h\000a\000n\000g\000u\000l\000.\000h}{chapter.5}% 79
\BOOKMARK [1][-]{section.5.3}{\376\377\0005\000.\0003\000\040\000s\000r\000c\000/\000h\000e\000x\0002\000o\000t\000f\000.\000c\000\040\000F\000i\000l\000e\000\040\000R\000e\000f\000e\000r\000e\000n\000c\000e}{chapter.5}% 80
\BOOKMARK [2][-]{subsection.5.3.1}{\376\377\0005\000.\0003\000.\0001\000\040\000D\000e\000t\000a\000i\000l\000e\000d\000\040\000D\000e\000s\000c\000r\000i\000p\000t\000i\000o\000n}{section.5.3}% 81
\BOOKMARK [2][-]{subsection.5.3.2}{\376\377\0005\000.\0003\000.\0002\000\040\000M\000a\000c\000r\000o\000\040\000D\000e\000f\000i\000n\000i\000t\000i\000o\000n\000\040\000D\000o\000c\000u\000m\000e\000n\000t\000a\000t\000i\000o\000n}{section.5.3}% 82
\BOOKMARK [3][-]{subsubsection.5.3.2.1}{\376\377\0005\000.\0003\000.\0002\000.\0001\000\040\000a\000d\000d\000B\000y\000t\000e}{subsection.5.3.2}% 83
\BOOKMARK [3][-]{subsubsection.5.3.2.2}{\376\377\0005\000.\0003\000.\0002\000.\0002\000\040\000A\000S\000C\000E\000N\000D\000E\000R}{subsection.5.3.2}% 84
\BOOKMARK [3][-]{subsubsection.5.3.2.3}{\376\377\0005\000.\0003\000.\0002\000.\0003\000\040\000B\0000}{subsection.5.3.2}% 85
\BOOKMARK [3][-]{subsubsection.5.3.2.4}{\376\377\0005\000.\0003\000.\0002\000.\0004\000\040\000B\0001}{subsection.5.3.2}% 86
\BOOKMARK [3][-]{subsubsection.5.3.2.5}{\376\377\0005\000.\0003\000.\0002\000.\0005\000\040\000B\000X}{subsection.5.3.2}% 87
\BOOKMARK [3][-]{subsubsection.5.3.2.6}{\376\377\0005\000.\0003\000.\0002\000.\0006\000\040\000d\000e\000f\000i\000n\000e\000S\000t\000o\000r\000e}{subsection.5.3.2}% 88
\BOOKMARK [3][-]{subsubsection.5.3.2.7}{\376\377\0005\000.\0003\000.\0002\000.\0007\000\040\000D\000E\000S\000C\000E\000N\000D\000E\000R}{subsection.5.3.2}% 89
\BOOKMARK [3][-]{subsubsection.5.3.2.8}{\376\377\0005\000.\0003\000.\0002\000.\0008\000\040\000F\000U}{subsection.5.3.2}% 90
\BOOKMARK [3][-]{subsubsection.5.3.2.9}{\376\377\0005\000.\0003\000.\0002\000.\0009\000\040\000F\000U\000P\000E\000M}{subsection.5.3.2}% 91
\BOOKMARK [3][-]{subsubsection.5.3.2.10}{\376\377\0005\000.\0003\000.\0002\000.\0001\0000\000\040\000G\000L\000Y\000P\000H\000\137\000H\000E\000I\000G\000H\000T}{subsection.5.3.2}% 92
\BOOKMARK [3][-]{subsubsection.5.3.2.11}{\376\377\0005\000.\0003\000.\0002\000.\0001\0001\000\040\000G\000L\000Y\000P\000H\000\137\000M\000A\000X\000\137\000B\000Y\000T\000E\000\137\000C\000O\000U\000N\000T}{subsection.5.3.2}% 93
\BOOKMARK [3][-]{subsubsection.5.3.2.12}{\376\377\0005\000.\0003\000.\0002\000.\0001\0002\000\040\000G\000L\000Y\000P\000H\000\137\000M\000A\000X\000\137\000W\000I\000D\000T\000H}{subsection.5.3.2}% 94
\BOOKMARK [3][-]{subsubsection.5.3.2.13}{\376\377\0005\000.\0003\000.\0002\000.\0001\0003\000\040\000M\000A\000X\000\137\000G\000L\000Y\000P\000H\000S}{subsection.5.3.2}% 95
\BOOKMARK [3][-]{subsubsection.5.3.2.14}{\376\377\0005\000.\0003\000.\0002\000.\0001\0004\000\040\000M\000A\000X\000\137\000N\000A\000M\000E\000\137\000I\000D\000S}{subsection.5.3.2}% 96
\BOOKMARK [3][-]{subsubsection.5.3.2.15}{\376\377\0005\000.\0003\000.\0002\000.\0001\0005\000\040\000P\000R\000I\000\137\000C\000P}{subsection.5.3.2}% 97
\BOOKMARK [3][-]{subsubsection.5.3.2.16}{\376\377\0005\000.\0003\000.\0002\000.\0001\0006\000\040\000P\000W}{subsection.5.3.2}% 98
\BOOKMARK [3][-]{subsubsection.5.3.2.17}{\376\377\0005\000.\0003\000.\0002\000.\0001\0007\000\040\000s\000t\000a\000t\000i\000c\000\137\000a\000s\000s\000e\000r\000t}{subsection.5.3.2}% 99
\BOOKMARK [3][-]{subsubsection.5.3.2.18}{\376\377\0005\000.\0003\000.\0002\000.\0001\0008\000\040\000U\0001\0006\000M\000A\000X}{subsection.5.3.2}% 100
\BOOKMARK [3][-]{subsubsection.5.3.2.19}{\376\377\0005\000.\0003\000.\0002\000.\0001\0009\000\040\000U\0003\0002\000M\000A\000X}{subsection.5.3.2}% 101
\BOOKMARK [3][-]{subsubsection.5.3.2.20}{\376\377\0005\000.\0003\000.\0002\000.\0002\0000\000\040\000V\000E\000R\000S\000I\000O\000N}{subsection.5.3.2}% 102
\BOOKMARK [2][-]{subsection.5.3.3}{\376\377\0005\000.\0003\000.\0003\000\040\000T\000y\000p\000e\000d\000e\000f\000\040\000D\000o\000c\000u\000m\000e\000n\000t\000a\000t\000i\000o\000n}{section.5.3}% 103
\BOOKMARK [3][-]{subsubsection.5.3.3.1}{\376\377\0005\000.\0003\000.\0003\000.\0001\000\040\000B\000u\000f\000f\000e\000r}{subsection.5.3.3}% 104
\BOOKMARK [3][-]{subsubsection.5.3.3.2}{\376\377\0005\000.\0003\000.\0003\000.\0002\000\040\000b\000y\000t\000e}{subsection.5.3.3}% 105
\BOOKMARK [3][-]{subsubsection.5.3.3.3}{\376\377\0005\000.\0003\000.\0003\000.\0003\000\040\000G\000l\000y\000p\000h}{subsection.5.3.3}% 106
\BOOKMARK [3][-]{subsubsection.5.3.3.4}{\376\377\0005\000.\0003\000.\0003\000.\0004\000\040\000N\000a\000m\000e\000S\000t\000r\000i\000n\000g\000s}{subsection.5.3.3}% 107
\BOOKMARK [3][-]{subsubsection.5.3.3.5}{\376\377\0005\000.\0003\000.\0003\000.\0005\000\040\000O\000p\000t\000i\000o\000n\000s}{subsection.5.3.3}% 108
\BOOKMARK [3][-]{subsubsection.5.3.3.6}{\376\377\0005\000.\0003\000.\0003\000.\0006\000\040\000p\000i\000x\000e\000l\000s\000\137\000t}{subsection.5.3.3}% 109
\BOOKMARK [3][-]{subsubsection.5.3.3.7}{\376\377\0005\000.\0003\000.\0003\000.\0007\000\040\000T\000a\000b\000l\000e}{subsection.5.3.3}% 110
\BOOKMARK [2][-]{subsection.5.3.4}{\376\377\0005\000.\0003\000.\0004\000\040\000E\000n\000u\000m\000e\000r\000a\000t\000i\000o\000n\000\040\000T\000y\000p\000e\000\040\000D\000o\000c\000u\000m\000e\000n\000t\000a\000t\000i\000o\000n}{section.5.3}% 111
\BOOKMARK [3][-]{subsubsection.5.3.4.1}{\376\377\0005\000.\0003\000.\0004\000.\0001\000\040\000C\000o\000n\000t\000o\000u\000r\000O\000p}{subsection.5.3.4}% 112
\BOOKMARK [3][-]{subsubsection.5.3.4.2}{\376\377\0005\000.\0003\000.\0004\000.\0002\000\040\000F\000i\000l\000l\000S\000i\000d\000e}{subsection.5.3.4}% 113
\BOOKMARK [3][-]{subsubsection.5.3.4.3}{\376\377\0005\000.\0003\000.\0004\000.\0003\000\040\000L\000o\000c\000a\000F\000o\000r\000m\000a\000t}{subsection.5.3.4}% 114
\BOOKMARK [2][-]{subsection.5.3.5}{\376\377\0005\000.\0003\000.\0005\000\040\000F\000u\000n\000c\000t\000i\000o\000n\000\040\000D\000o\000c\000u\000m\000e\000n\000t\000a\000t\000i\000o\000n}{section.5.3}% 115
\BOOKMARK [3][-]{subsubsection.5.3.5.1}{\376\377\0005\000.\0003\000.\0005\000.\0001\000\040\000a\000d\000d\000T\000a\000b\000l\000e\000\050\000\051}{subsection.5.3.5}% 116
\BOOKMARK [3][-]{subsubsection.5.3.5.2}{\376\377\0005\000.\0003\000.\0005\000.\0002\000\040\000b\000u\000i\000l\000d\000O\000u\000t\000l\000i\000n\000e\000\050\000\051}{subsection.5.3.5}% 117
\BOOKMARK [3][-]{subsubsection.5.3.5.3}{\376\377\0005\000.\0003\000.\0005\000.\0003\000\040\000b\000y\000C\000o\000d\000e\000P\000o\000i\000n\000t\000\050\000\051}{subsection.5.3.5}% 118
\BOOKMARK [3][-]{subsubsection.5.3.5.4}{\376\377\0005\000.\0003\000.\0005\000.\0004\000\040\000b\000y\000T\000a\000b\000l\000e\000T\000a\000g\000\050\000\051}{subsection.5.3.5}% 119
\BOOKMARK [3][-]{subsubsection.5.3.5.5}{\376\377\0005\000.\0003\000.\0005\000.\0005\000\040\000c\000a\000c\000h\000e\000B\000u\000f\000f\000e\000r\000\050\000\051}{subsection.5.3.5}% 120
\BOOKMARK [3][-]{subsubsection.5.3.5.6}{\376\377\0005\000.\0003\000.\0005\000.\0006\000\040\000c\000a\000c\000h\000e\000B\000y\000t\000e\000s\000\050\000\051}{subsection.5.3.5}% 121
\BOOKMARK [3][-]{subsubsection.5.3.5.7}{\376\377\0005\000.\0003\000.\0005\000.\0007\000\040\000c\000a\000c\000h\000e\000C\000F\000F\000O\000p\000e\000r\000a\000n\000d\000\050\000\051}{subsection.5.3.5}% 122
\BOOKMARK [3][-]{subsubsection.5.3.5.8}{\376\377\0005\000.\0003\000.\0005\000.\0008\000\040\000c\000a\000c\000h\000e\000S\000t\000r\000i\000n\000g\000A\000s\000U\000T\000F\0001\0006\000B\000E\000\050\000\051}{subsection.5.3.5}% 123
\BOOKMARK [3][-]{subsubsection.5.3.5.9}{\376\377\0005\000.\0003\000.\0005\000.\0009\000\040\000c\000a\000c\000h\000e\000U\0001\0006\000\050\000\051}{subsection.5.3.5}% 124
\BOOKMARK [3][-]{subsubsection.5.3.5.10}{\376\377\0005\000.\0003\000.\0005\000.\0001\0000\000\040\000c\000a\000c\000h\000e\000U\0003\0002\000\050\000\051}{subsection.5.3.5}% 125
\BOOKMARK [3][-]{subsubsection.5.3.5.11}{\376\377\0005\000.\0003\000.\0005\000.\0001\0001\000\040\000c\000a\000c\000h\000e\000U\0008\000\050\000\051}{subsection.5.3.5}% 126
\BOOKMARK [3][-]{subsubsection.5.3.5.12}{\376\377\0005\000.\0003\000.\0005\000.\0001\0002\000\040\000c\000a\000c\000h\000e\000Z\000e\000r\000o\000s\000\050\000\051}{subsection.5.3.5}% 127
\BOOKMARK [3][-]{subsubsection.5.3.5.13}{\376\377\0005\000.\0003\000.\0005\000.\0001\0003\000\040\000c\000l\000e\000a\000n\000B\000u\000f\000f\000e\000r\000s\000\050\000\051}{subsection.5.3.5}% 128
\BOOKMARK [3][-]{subsubsection.5.3.5.14}{\376\377\0005\000.\0003\000.\0005\000.\0001\0004\000\040\000d\000e\000f\000i\000n\000e\000S\000t\000o\000r\000e\000\050\000\051}{subsection.5.3.5}% 129
\BOOKMARK [3][-]{subsubsection.5.3.5.15}{\376\377\0005\000.\0003\000.\0005\000.\0001\0005\000\040\000e\000n\000s\000u\000r\000e\000B\000u\000f\000f\000e\000r\000\050\000\051}{subsection.5.3.5}% 130
\BOOKMARK [3][-]{subsubsection.5.3.5.16}{\376\377\0005\000.\0003\000.\0005\000.\0001\0006\000\040\000f\000a\000i\000l\000\050\000\051}{subsection.5.3.5}% 131
\BOOKMARK [3][-]{subsubsection.5.3.5.17}{\376\377\0005\000.\0003\000.\0005\000.\0001\0007\000\040\000f\000i\000l\000l\000B\000i\000t\000m\000a\000p\000\050\000\051}{subsection.5.3.5}% 132
\BOOKMARK [3][-]{subsubsection.5.3.5.18}{\376\377\0005\000.\0003\000.\0005\000.\0001\0008\000\040\000f\000i\000l\000l\000B\000l\000a\000n\000k\000O\000u\000t\000l\000i\000n\000e\000\050\000\051}{subsection.5.3.5}% 133
\BOOKMARK [3][-]{subsubsection.5.3.5.19}{\376\377\0005\000.\0003\000.\0005\000.\0001\0009\000\040\000f\000i\000l\000l\000C\000F\000F\000\050\000\051}{subsection.5.3.5}% 134
\BOOKMARK [3][-]{subsubsection.5.3.5.20}{\376\377\0005\000.\0003\000.\0005\000.\0002\0000\000\040\000f\000i\000l\000l\000C\000m\000a\000p\000T\000a\000b\000l\000e\000\050\000\051}{subsection.5.3.5}% 135
\BOOKMARK [3][-]{subsubsection.5.3.5.21}{\376\377\0005\000.\0003\000.\0005\000.\0002\0001\000\040\000f\000i\000l\000l\000G\000p\000o\000s\000T\000a\000b\000l\000e\000\050\000\051}{subsection.5.3.5}% 136
\BOOKMARK [3][-]{subsubsection.5.3.5.22}{\376\377\0005\000.\0003\000.\0005\000.\0002\0002\000\040\000f\000i\000l\000l\000G\000s\000u\000b\000T\000a\000b\000l\000e\000\050\000\051}{subsection.5.3.5}% 137
\BOOKMARK [3][-]{subsubsection.5.3.5.23}{\376\377\0005\000.\0003\000.\0005\000.\0002\0003\000\040\000f\000i\000l\000l\000H\000e\000a\000d\000T\000a\000b\000l\000e\000\050\000\051}{subsection.5.3.5}% 138
\BOOKMARK [3][-]{subsubsection.5.3.5.24}{\376\377\0005\000.\0003\000.\0005\000.\0002\0004\000\040\000f\000i\000l\000l\000H\000h\000e\000a\000T\000a\000b\000l\000e\000\050\000\051}{subsection.5.3.5}% 139
\BOOKMARK [3][-]{subsubsection.5.3.5.25}{\376\377\0005\000.\0003\000.\0005\000.\0002\0005\000\040\000f\000i\000l\000l\000H\000m\000t\000x\000T\000a\000b\000l\000e\000\050\000\051}{subsection.5.3.5}% 140
\BOOKMARK [3][-]{subsubsection.5.3.5.26}{\376\377\0005\000.\0003\000.\0005\000.\0002\0006\000\040\000f\000i\000l\000l\000M\000a\000x\000p\000T\000a\000b\000l\000e\000\050\000\051}{subsection.5.3.5}% 141
\BOOKMARK [3][-]{subsubsection.5.3.5.27}{\376\377\0005\000.\0003\000.\0005\000.\0002\0007\000\040\000f\000i\000l\000l\000N\000a\000m\000e\000T\000a\000b\000l\000e\000\050\000\051}{subsection.5.3.5}% 142
\BOOKMARK [3][-]{subsubsection.5.3.5.28}{\376\377\0005\000.\0003\000.\0005\000.\0002\0008\000\040\000f\000i\000l\000l\000O\000S\0002\000T\000a\000b\000l\000e\000\050\000\051}{subsection.5.3.5}% 143
\BOOKMARK [3][-]{subsubsection.5.3.5.29}{\376\377\0005\000.\0003\000.\0005\000.\0002\0009\000\040\000f\000i\000l\000l\000P\000o\000s\000t\000T\000a\000b\000l\000e\000\050\000\051}{subsection.5.3.5}% 144
\BOOKMARK [3][-]{subsubsection.5.3.5.30}{\376\377\0005\000.\0003\000.\0005\000.\0003\0000\000\040\000f\000i\000l\000l\000T\000r\000u\000e\000T\000y\000p\000e\000\050\000\051}{subsection.5.3.5}% 145
\BOOKMARK [3][-]{subsubsection.5.3.5.31}{\376\377\0005\000.\0003\000.\0005\000.\0003\0001\000\040\000f\000r\000e\000e\000B\000u\000f\000f\000e\000r\000\050\000\051}{subsection.5.3.5}% 146
\BOOKMARK [3][-]{subsubsection.5.3.5.32}{\376\377\0005\000.\0003\000.\0005\000.\0003\0002\000\040\000i\000n\000i\000t\000B\000u\000f\000f\000e\000r\000s\000\050\000\051}{subsection.5.3.5}% 147
\BOOKMARK [3][-]{subsubsection.5.3.5.33}{\376\377\0005\000.\0003\000.\0005\000.\0003\0003\000\040\000m\000a\000i\000n\000\050\000\051}{subsection.5.3.5}% 148
\BOOKMARK [3][-]{subsubsection.5.3.5.34}{\376\377\0005\000.\0003\000.\0005\000.\0003\0004\000\040\000m\000a\000t\000c\000h\000T\000o\000k\000e\000n\000\050\000\051}{subsection.5.3.5}% 149
\BOOKMARK [3][-]{subsubsection.5.3.5.35}{\376\377\0005\000.\0003\000.\0005\000.\0003\0005\000\040\000n\000e\000w\000B\000u\000f\000f\000e\000r\000\050\000\051}{subsection.5.3.5}% 150
\BOOKMARK [3][-]{subsubsection.5.3.5.36}{\376\377\0005\000.\0003\000.\0005\000.\0003\0006\000\040\000o\000r\000g\000a\000n\000i\000z\000e\000T\000a\000b\000l\000e\000s\000\050\000\051}{subsection.5.3.5}% 151
\BOOKMARK [3][-]{subsubsection.5.3.5.37}{\376\377\0005\000.\0003\000.\0005\000.\0003\0007\000\040\000p\000a\000r\000s\000e\000O\000p\000t\000i\000o\000n\000s\000\050\000\051}{subsection.5.3.5}% 152
\BOOKMARK [3][-]{subsubsection.5.3.5.38}{\376\377\0005\000.\0003\000.\0005\000.\0003\0008\000\040\000p\000o\000s\000i\000t\000i\000o\000n\000G\000l\000y\000p\000h\000s\000\050\000\051}{subsection.5.3.5}% 153
\BOOKMARK [3][-]{subsubsection.5.3.5.39}{\376\377\0005\000.\0003\000.\0005\000.\0003\0009\000\040\000p\000r\000e\000p\000a\000r\000e\000O\000f\000f\000s\000e\000t\000s\000\050\000\051}{subsection.5.3.5}% 154
\BOOKMARK [3][-]{subsubsection.5.3.5.40}{\376\377\0005\000.\0003\000.\0005\000.\0004\0000\000\040\000p\000r\000e\000p\000a\000r\000e\000S\000t\000r\000i\000n\000g\000I\000n\000d\000e\000x\000\050\000\051}{subsection.5.3.5}% 155
\BOOKMARK [3][-]{subsubsection.5.3.5.41}{\376\377\0005\000.\0003\000.\0005\000.\0004\0001\000\040\000p\000r\000i\000n\000t\000H\000e\000l\000p\000\050\000\051}{subsection.5.3.5}% 156
\BOOKMARK [3][-]{subsubsection.5.3.5.42}{\376\377\0005\000.\0003\000.\0005\000.\0004\0002\000\040\000p\000r\000i\000n\000t\000V\000e\000r\000s\000i\000o\000n\000\050\000\051}{subsection.5.3.5}% 157
\BOOKMARK [3][-]{subsubsection.5.3.5.43}{\376\377\0005\000.\0003\000.\0005\000.\0004\0003\000\040\000r\000e\000a\000d\000C\000o\000d\000e\000P\000o\000i\000n\000t\000\050\000\051}{subsection.5.3.5}% 158
\BOOKMARK [3][-]{subsubsection.5.3.5.44}{\376\377\0005\000.\0003\000.\0005\000.\0004\0004\000\040\000r\000e\000a\000d\000G\000l\000y\000p\000h\000s\000\050\000\051}{subsection.5.3.5}% 159
\BOOKMARK [3][-]{subsubsection.5.3.5.45}{\376\377\0005\000.\0003\000.\0005\000.\0004\0005\000\040\000s\000o\000r\000t\000G\000l\000y\000p\000h\000s\000\050\000\051}{subsection.5.3.5}% 160
\BOOKMARK [3][-]{subsubsection.5.3.5.46}{\376\377\0005\000.\0003\000.\0005\000.\0004\0006\000\040\000w\000r\000i\000t\000e\000B\000y\000t\000e\000s\000\050\000\051}{subsection.5.3.5}% 161
\BOOKMARK [3][-]{subsubsection.5.3.5.47}{\376\377\0005\000.\0003\000.\0005\000.\0004\0007\000\040\000w\000r\000i\000t\000e\000F\000o\000n\000t\000\050\000\051}{subsection.5.3.5}% 162
\BOOKMARK [3][-]{subsubsection.5.3.5.48}{\376\377\0005\000.\0003\000.\0005\000.\0004\0008\000\040\000w\000r\000i\000t\000e\000U\0001\0006\000\050\000\051}{subsection.5.3.5}% 163
\BOOKMARK [3][-]{subsubsection.5.3.5.49}{\376\377\0005\000.\0003\000.\0005\000.\0004\0009\000\040\000w\000r\000i\000t\000e\000U\0003\0002\000\050\000\051}{subsection.5.3.5}% 164
\BOOKMARK [2][-]{subsection.5.3.6}{\376\377\0005\000.\0003\000.\0006\000\040\000V\000a\000r\000i\000a\000b\000l\000e\000\040\000D\000o\000c\000u\000m\000e\000n\000t\000a\000t\000i\000o\000n}{section.5.3}% 165
\BOOKMARK [3][-]{subsubsection.5.3.6.1}{\376\377\0005\000.\0003\000.\0006\000.\0001\000\040\000a\000l\000l\000B\000u\000f\000f\000e\000r\000s}{subsection.5.3.6}% 166
\BOOKMARK [3][-]{subsubsection.5.3.6.2}{\376\377\0005\000.\0003\000.\0006\000.\0002\000\040\000b\000u\000f\000f\000e\000r\000C\000o\000u\000n\000t}{subsection.5.3.6}% 167
\BOOKMARK [3][-]{subsubsection.5.3.6.3}{\376\377\0005\000.\0003\000.\0006\000.\0003\000\040\000n\000e\000x\000t\000B\000u\000f\000f\000e\000r\000I\000n\000d\000e\000x}{subsection.5.3.6}% 168
\BOOKMARK [1][-]{section.5.4}{\376\377\0005\000.\0004\000\040\000h\000e\000x\0002\000o\000t\000f\000.\000c}{chapter.5}% 169
\BOOKMARK [1][-]{section.5.5}{\376\377\0005\000.\0005\000\040\000s\000r\000c\000/\000h\000e\000x\0002\000o\000t\000f\000.\000h\000\040\000F\000i\000l\000e\000\040\000R\000e\000f\000e\000r\000e\000n\000c\000e}{chapter.5}% 170
\BOOKMARK [2][-]{subsection.5.5.1}{\376\377\0005\000.\0005\000.\0001\000\040\000D\000e\000t\000a\000i\000l\000e\000d\000\040\000D\000e\000s\000c\000r\000i\000p\000t\000i\000o\000n}{section.5.5}% 171
\BOOKMARK [2][-]{subsection.5.5.2}{\376\377\0005\000.\0005\000.\0002\000\040\000M\000a\000c\000r\000o\000\040\000D\000e\000f\000i\000n\000i\000t\000i\000o\000n\000\040\000D\000o\000c\000u\000m\000e\000n\000t\000a\000t\000i\000o\000n}{section.5.5}% 172
\BOOKMARK [3][-]{subsubsection.5.5.2.1}{\376\377\0005\000.\0005\000.\0002\000.\0001\000\040\000D\000E\000F\000A\000U\000L\000T\000\137\000I\000D\0000}{subsection.5.5.2}% 173
\BOOKMARK [3][-]{subsubsection.5.5.2.2}{\376\377\0005\000.\0005\000.\0002\000.\0002\000\040\000D\000E\000F\000A\000U\000L\000T\000\137\000I\000D\0001}{subsection.5.5.2}% 174
\BOOKMARK [3][-]{subsubsection.5.5.2.3}{\376\377\0005\000.\0005\000.\0002\000.\0003\000\040\000D\000E\000F\000A\000U\000L\000T\000\137\000I\000D\0001\0001}{subsection.5.5.2}% 175
\BOOKMARK [3][-]{subsubsection.5.5.2.4}{\376\377\0005\000.\0005\000.\0002\000.\0004\000\040\000D\000E\000F\000A\000U\000L\000T\000\137\000I\000D\0001\0003}{subsection.5.5.2}% 176
\BOOKMARK [3][-]{subsubsection.5.5.2.5}{\376\377\0005\000.\0005\000.\0002\000.\0005\000\040\000D\000E\000F\000A\000U\000L\000T\000\137\000I\000D\0001\0004}{subsection.5.5.2}% 177
\BOOKMARK [3][-]{subsubsection.5.5.2.6}{\376\377\0005\000.\0005\000.\0002\000.\0006\000\040\000D\000E\000F\000A\000U\000L\000T\000\137\000I\000D\0002}{subsection.5.5.2}% 178
\BOOKMARK [3][-]{subsubsection.5.5.2.7}{\376\377\0005\000.\0005\000.\0002\000.\0007\000\040\000D\000E\000F\000A\000U\000L\000T\000\137\000I\000D\0005}{subsection.5.5.2}% 179
\BOOKMARK [3][-]{subsubsection.5.5.2.8}{\376\377\0005\000.\0005\000.\0002\000.\0008\000\040\000N\000A\000M\000E\000P\000A\000I\000R}{subsection.5.5.2}% 180
\BOOKMARK [3][-]{subsubsection.5.5.2.9}{\376\377\0005\000.\0005\000.\0002\000.\0009\000\040\000U\000N\000I\000F\000O\000N\000T\000\137\000V\000E\000R\000S\000I\000O\000N}{subsection.5.5.2}% 181
\BOOKMARK [2][-]{subsection.5.5.3}{\376\377\0005\000.\0005\000.\0003\000\040\000V\000a\000r\000i\000a\000b\000l\000e\000\040\000D\000o\000c\000u\000m\000e\000n\000t\000a\000t\000i\000o\000n}{section.5.5}% 182
\BOOKMARK [3][-]{subsubsection.5.5.3.1}{\376\377\0005\000.\0005\000.\0003\000.\0001\000\040\000d\000e\000f\000a\000u\000l\000t\000N\000a\000m\000e\000s}{subsection.5.5.3}% 183
\BOOKMARK [1][-]{section.5.6}{\376\377\0005\000.\0006\000\040\000h\000e\000x\0002\000o\000t\000f\000.\000h}{chapter.5}% 184
\BOOKMARK [1][-]{section.5.7}{\376\377\0005\000.\0007\000\040\000s\000r\000c\000/\000j\000o\000h\000a\000b\0002\000s\000y\000l\000l\000a\000b\000l\000e\000s\000.\000c\000\040\000F\000i\000l\000e\000\040\000R\000e\000f\000e\000r\000e\000n\000c\000e}{chapter.5}% 185
\BOOKMARK [2][-]{subsection.5.7.1}{\376\377\0005\000.\0007\000.\0001\000\040\000D\000e\000t\000a\000i\000l\000e\000d\000\040\000D\000e\000s\000c\000r\000i\000p\000t\000i\000o\000n}{section.5.7}% 186
\BOOKMARK [2][-]{subsection.5.7.2}{\376\377\0005\000.\0007\000.\0002\000\040\000F\000u\000n\000c\000t\000i\000o\000n\000\040\000D\000o\000c\000u\000m\000e\000n\000t\000a\000t\000i\000o\000n}{section.5.7}% 187
\BOOKMARK [3][-]{subsubsection.5.7.2.1}{\376\377\0005\000.\0007\000.\0002\000.\0001\000\040\000m\000a\000i\000n\000\050\000\051}{subsection.5.7.2}% 188
\BOOKMARK [3][-]{subsubsection.5.7.2.2}{\376\377\0005\000.\0007\000.\0002\000.\0002\000\040\000p\000r\000i\000n\000t\000\137\000h\000e\000l\000p\000\050\000\051}{subsection.5.7.2}% 189
\BOOKMARK [1][-]{section.5.8}{\376\377\0005\000.\0008\000\040\000j\000o\000h\000a\000b\0002\000s\000y\000l\000l\000a\000b\000l\000e\000s\000.\000c}{chapter.5}% 190
\BOOKMARK [1][-]{section.5.9}{\376\377\0005\000.\0009\000\040\000s\000r\000c\000/\000u\000n\000i\000b\000d\000f\0002\000h\000e\000x\000.\000c\000\040\000F\000i\000l\000e\000\040\000R\000e\000f\000e\000r\000e\000n\000c\000e}{chapter.5}% 191
\BOOKMARK [2][-]{subsection.5.9.1}{\376\377\0005\000.\0009\000.\0001\000\040\000D\000e\000t\000a\000i\000l\000e\000d\000\040\000D\000e\000s\000c\000r\000i\000p\000t\000i\000o\000n}{section.5.9}% 192
\BOOKMARK [2][-]{subsection.5.9.2}{\376\377\0005\000.\0009\000.\0002\000\040\000M\000a\000c\000r\000o\000\040\000D\000e\000f\000i\000n\000i\000t\000i\000o\000n\000\040\000D\000o\000c\000u\000m\000e\000n\000t\000a\000t\000i\000o\000n}{section.5.9}% 193
\BOOKMARK [3][-]{subsubsection.5.9.2.1}{\376\377\0005\000.\0009\000.\0002\000.\0001\000\040\000M\000A\000X\000B\000U\000F}{subsection.5.9.2}% 194
\BOOKMARK [3][-]{subsubsection.5.9.2.2}{\376\377\0005\000.\0009\000.\0002\000.\0002\000\040\000U\000N\000I\000S\000T\000A\000R\000T}{subsection.5.9.2}% 195
\BOOKMARK [3][-]{subsubsection.5.9.2.3}{\376\377\0005\000.\0009\000.\0002\000.\0003\000\040\000U\000N\000I\000S\000T\000O\000P}{subsection.5.9.2}% 196
\BOOKMARK [2][-]{subsection.5.9.3}{\376\377\0005\000.\0009\000.\0003\000\040\000F\000u\000n\000c\000t\000i\000o\000n\000\040\000D\000o\000c\000u\000m\000e\000n\000t\000a\000t\000i\000o\000n}{section.5.9}% 197
\BOOKMARK [3][-]{subsubsection.5.9.3.1}{\376\377\0005\000.\0009\000.\0003\000.\0001\000\040\000m\000a\000i\000n\000\050\000\051}{subsection.5.9.3}% 198
\BOOKMARK [1][-]{section.5.10}{\376\377\0005\000.\0001\0000\000\040\000u\000n\000i\000b\000d\000f\0002\000h\000e\000x\000.\000c}{chapter.5}% 199
\BOOKMARK [1][-]{section.5.11}{\376\377\0005\000.\0001\0001\000\040\000s\000r\000c\000/\000u\000n\000i\000b\000m\000p\0002\000h\000e\000x\000.\000c\000\040\000F\000i\000l\000e\000\040\000R\000e\000f\000e\000r\000e\000n\000c\000e}{chapter.5}% 200
\BOOKMARK [2][-]{subsection.5.11.1}{\376\377\0005\000.\0001\0001\000.\0001\000\040\000D\000e\000t\000a\000i\000l\000e\000d\000\040\000D\000e\000s\000c\000r\000i\000p\000t\000i\000o\000n}{section.5.11}% 201
\BOOKMARK [2][-]{subsection.5.11.2}{\376\377\0005\000.\0001\0001\000.\0002\000\040\000M\000a\000c\000r\000o\000\040\000D\000e\000f\000i\000n\000i\000t\000i\000o\000n\000\040\000D\000o\000c\000u\000m\000e\000n\000t\000a\000t\000i\000o\000n}{section.5.11}% 202
\BOOKMARK [3][-]{subsubsection.5.11.2.1}{\376\377\0005\000.\0001\0001\000.\0002\000.\0001\000\040\000M\000A\000X\000B\000U\000F}{subsection.5.11.2}% 203
\BOOKMARK [2][-]{subsection.5.11.3}{\376\377\0005\000.\0001\0001\000.\0003\000\040\000F\000u\000n\000c\000t\000i\000o\000n\000\040\000D\000o\000c\000u\000m\000e\000n\000t\000a\000t\000i\000o\000n}{section.5.11}% 204
\BOOKMARK [3][-]{subsubsection.5.11.3.1}{\376\377\0005\000.\0001\0001\000.\0003\000.\0001\000\040\000m\000a\000i\000n\000\050\000\051}{subsection.5.11.3}% 205
\BOOKMARK [2][-]{subsection.5.11.4}{\376\377\0005\000.\0001\0001\000.\0004\000\040\000V\000a\000r\000i\000a\000b\000l\000e\000\040\000D\000o\000c\000u\000m\000e\000n\000t\000a\000t\000i\000o\000n}{section.5.11}% 206
\BOOKMARK [3][-]{subsubsection.5.11.4.1}{\376\377\0005\000.\0001\0001\000.\0004\000.\0001\000\040\000b\000i\000t\000s\000\137\000p\000e\000r\000\137\000p\000i\000x\000e\000l}{subsection.5.11.4}% 207
\BOOKMARK [3][-]{subsubsection.5.11.4.2}{\376\377\0005\000.\0001\0001\000.\0004\000.\0002\000\040}{subsection.5.11.4}% 208
\BOOKMARK [3][-]{subsubsection.5.11.4.3}{\376\377\0005\000.\0001\0001\000.\0004\000.\0003\000\040\000c\000o\000l\000o\000r\000\137\000t\000a\000b\000l\000e}{subsection.5.11.4}% 209
\BOOKMARK [3][-]{subsubsection.5.11.4.4}{\376\377\0005\000.\0001\0001\000.\0004\000.\0004\000\040\000c\000o\000m\000p\000r\000e\000s\000s\000i\000o\000n}{subsection.5.11.4}% 210
\BOOKMARK [3][-]{subsubsection.5.11.4.5}{\376\377\0005\000.\0001\0001\000.\0004\000.\0005\000\040\000f\000i\000l\000e\000\137\000s\000i\000z\000e}{subsection.5.11.4}% 211
\BOOKMARK [3][-]{subsubsection.5.11.4.6}{\376\377\0005\000.\0001\0001\000.\0004\000.\0006\000\040\000f\000i\000l\000e\000t\000y\000p\000e}{subsection.5.11.4}% 212
\BOOKMARK [3][-]{subsubsection.5.11.4.7}{\376\377\0005\000.\0001\0001\000.\0004\000.\0007\000\040\000f\000l\000i\000p}{subsection.5.11.4}% 213
\BOOKMARK [3][-]{subsubsection.5.11.4.8}{\376\377\0005\000.\0001\0001\000.\0004\000.\0008\000\040\000f\000o\000r\000c\000e\000w\000i\000d\000e}{subsection.5.11.4}% 214
\BOOKMARK [3][-]{subsubsection.5.11.4.9}{\376\377\0005\000.\0001\0001\000.\0004\000.\0009\000\040\000h\000e\000i\000g\000h\000t}{subsection.5.11.4}% 215
\BOOKMARK [3][-]{subsubsection.5.11.4.10}{\376\377\0005\000.\0001\0001\000.\0004\000.\0001\0000\000\040\000h\000e\000x\000d\000i\000g\000i\000t}{subsection.5.11.4}% 216
\BOOKMARK [3][-]{subsubsection.5.11.4.11}{\376\377\0005\000.\0001\0001\000.\0004\000.\0001\0001\000\040\000i\000m\000a\000g\000e\000\137\000o\000f\000f\000s\000e\000t}{subsection.5.11.4}% 217
\BOOKMARK [3][-]{subsubsection.5.11.4.12}{\376\377\0005\000.\0001\0001\000.\0004\000.\0001\0002\000\040\000i\000m\000a\000g\000e\000\137\000s\000i\000z\000e}{subsection.5.11.4}% 218
\BOOKMARK [3][-]{subsubsection.5.11.4.13}{\376\377\0005\000.\0001\0001\000.\0004\000.\0001\0003\000\040\000i\000m\000p\000o\000r\000t\000a\000n\000t\000\137\000c\000o\000l\000o\000r\000s}{subsection.5.11.4}% 219
\BOOKMARK [3][-]{subsubsection.5.11.4.14}{\376\377\0005\000.\0001\0001\000.\0004\000.\0001\0004\000\040\000i\000n\000f\000o\000\137\000s\000i\000z\000e}{subsection.5.11.4}% 220
\BOOKMARK [3][-]{subsubsection.5.11.4.15}{\376\377\0005\000.\0001\0001\000.\0004\000.\0001\0005\000\040\000n\000c\000o\000l\000o\000r\000s}{subsection.5.11.4}% 221
\BOOKMARK [3][-]{subsubsection.5.11.4.16}{\376\377\0005\000.\0001\0001\000.\0004\000.\0001\0006\000\040\000n\000p\000l\000a\000n\000e\000s}{subsection.5.11.4}% 222
\BOOKMARK [3][-]{subsubsection.5.11.4.17}{\376\377\0005\000.\0001\0001\000.\0004\000.\0001\0007\000\040\000p\000l\000a\000n\000e\000s\000e\000t}{subsection.5.11.4}% 223
\BOOKMARK [3][-]{subsubsection.5.11.4.18}{\376\377\0005\000.\0001\0001\000.\0004\000.\0001\0008\000\040\000u\000n\000i\000d\000i\000g\000i\000t}{subsection.5.11.4}% 224
\BOOKMARK [3][-]{subsubsection.5.11.4.19}{\376\377\0005\000.\0001\0001\000.\0004\000.\0001\0009\000\040\000u\000n\000i\000p\000l\000a\000n\000e}{subsection.5.11.4}% 225
\BOOKMARK [3][-]{subsubsection.5.11.4.20}{\376\377\0005\000.\0001\0001\000.\0004\000.\0002\0000\000\040\000w\000i\000d\000t\000h}{subsection.5.11.4}% 226
\BOOKMARK [3][-]{subsubsection.5.11.4.21}{\376\377\0005\000.\0001\0001\000.\0004\000.\0002\0001\000\040\000x\000\137\000p\000p\000m}{subsection.5.11.4}% 227
\BOOKMARK [3][-]{subsubsection.5.11.4.22}{\376\377\0005\000.\0001\0001\000.\0004\000.\0002\0002\000\040\000y\000\137\000p\000p\000m}{subsection.5.11.4}% 228
\BOOKMARK [1][-]{section.5.12}{\376\377\0005\000.\0001\0002\000\040\000u\000n\000i\000b\000m\000p\0002\000h\000e\000x\000.\000c}{chapter.5}% 229
\BOOKMARK [1][-]{section.5.13}{\376\377\0005\000.\0001\0003\000\040\000s\000r\000c\000/\000u\000n\000i\000b\000m\000p\000b\000u\000m\000p\000.\000c\000\040\000F\000i\000l\000e\000\040\000R\000e\000f\000e\000r\000e\000n\000c\000e}{chapter.5}% 230
\BOOKMARK [2][-]{subsection.5.13.1}{\376\377\0005\000.\0001\0003\000.\0001\000\040\000D\000e\000t\000a\000i\000l\000e\000d\000\040\000D\000e\000s\000c\000r\000i\000p\000t\000i\000o\000n}{section.5.13}% 231
\BOOKMARK [2][-]{subsection.5.13.2}{\376\377\0005\000.\0001\0003\000.\0002\000\040\000M\000a\000c\000r\000o\000\040\000D\000e\000f\000i\000n\000i\000t\000i\000o\000n\000\040\000D\000o\000c\000u\000m\000e\000n\000t\000a\000t\000i\000o\000n}{section.5.13}% 232
\BOOKMARK [3][-]{subsubsection.5.13.2.1}{\376\377\0005\000.\0001\0003\000.\0002\000.\0001\000\040\000M\000A\000X\000\137\000C\000O\000M\000P\000R\000E\000S\000S\000I\000O\000N\000\137\000M\000E\000T\000H\000O\000D}{subsection.5.13.2}% 233
\BOOKMARK [3][-]{subsubsection.5.13.2.2}{\376\377\0005\000.\0001\0003\000.\0002\000.\0002\000\040\000V\000E\000R\000S\000I\000O\000N}{subsection.5.13.2}% 234
\BOOKMARK [2][-]{subsection.5.13.3}{\376\377\0005\000.\0001\0003\000.\0003\000\040\000F\000u\000n\000c\000t\000i\000o\000n\000\040\000D\000o\000c\000u\000m\000e\000n\000t\000a\000t\000i\000o\000n}{section.5.13}% 235
\BOOKMARK [3][-]{subsubsection.5.13.3.1}{\376\377\0005\000.\0001\0003\000.\0003\000.\0001\000\040\000g\000e\000t\000\137\000b\000y\000t\000e\000s\000\050\000\051}{subsection.5.13.3}% 236
\BOOKMARK [3][-]{subsubsection.5.13.3.2}{\376\377\0005\000.\0001\0003\000.\0003\000.\0002\000\040\000m\000a\000i\000n\000\050\000\051}{subsection.5.13.3}% 237
\BOOKMARK [3][-]{subsubsection.5.13.3.3}{\376\377\0005\000.\0001\0003\000.\0003\000.\0003\000\040\000r\000e\000g\000r\000i\000d\000\050\000\051}{subsection.5.13.3}% 238
\BOOKMARK [1][-]{section.5.14}{\376\377\0005\000.\0001\0004\000\040\000u\000n\000i\000b\000m\000p\000b\000u\000m\000p\000.\000c}{chapter.5}% 239
\BOOKMARK [1][-]{section.5.15}{\376\377\0005\000.\0001\0005\000\040\000s\000r\000c\000/\000u\000n\000i\000c\000o\000v\000e\000r\000a\000g\000e\000.\000c\000\040\000F\000i\000l\000e\000\040\000R\000e\000f\000e\000r\000e\000n\000c\000e}{chapter.5}% 240
\BOOKMARK [2][-]{subsection.5.15.1}{\376\377\0005\000.\0001\0005\000.\0001\000\040\000D\000e\000t\000a\000i\000l\000e\000d\000\040\000D\000e\000s\000c\000r\000i\000p\000t\000i\000o\000n}{section.5.15}% 241
\BOOKMARK [2][-]{subsection.5.15.2}{\376\377\0005\000.\0001\0005\000.\0002\000\040\000M\000a\000c\000r\000o\000\040\000D\000e\000f\000i\000n\000i\000t\000i\000o\000n\000\040\000D\000o\000c\000u\000m\000e\000n\000t\000a\000t\000i\000o\000n}{section.5.15}% 242
\BOOKMARK [3][-]{subsubsection.5.15.2.1}{\376\377\0005\000.\0001\0005\000.\0002\000.\0001\000\040\000M\000A\000X\000B\000U\000F}{subsection.5.15.2}% 243
\BOOKMARK [2][-]{subsection.5.15.3}{\376\377\0005\000.\0001\0005\000.\0003\000\040\000F\000u\000n\000c\000t\000i\000o\000n\000\040\000D\000o\000c\000u\000m\000e\000n\000t\000a\000t\000i\000o\000n}{section.5.15}% 244
\BOOKMARK [3][-]{subsubsection.5.15.3.1}{\376\377\0005\000.\0001\0005\000.\0003\000.\0001\000\040\000m\000a\000i\000n\000\050\000\051}{subsection.5.15.3}% 245
\BOOKMARK [3][-]{subsubsection.5.15.3.2}{\376\377\0005\000.\0001\0005\000.\0003\000.\0002\000\040\000n\000e\000x\000t\000r\000a\000n\000g\000e\000\050\000\051}{subsection.5.15.3}% 246
\BOOKMARK [3][-]{subsubsection.5.15.3.3}{\376\377\0005\000.\0001\0005\000.\0003\000.\0003\000\040\000p\000r\000i\000n\000t\000\137\000s\000u\000b\000t\000o\000t\000a\000l\000\050\000\051}{subsection.5.15.3}% 247
\BOOKMARK [1][-]{section.5.16}{\376\377\0005\000.\0001\0006\000\040\000u\000n\000i\000c\000o\000v\000e\000r\000a\000g\000e\000.\000c}{chapter.5}% 248
\BOOKMARK [1][-]{section.5.17}{\376\377\0005\000.\0001\0007\000\040\000s\000r\000c\000/\000u\000n\000i\000d\000u\000p\000.\000c\000\040\000F\000i\000l\000e\000\040\000R\000e\000f\000e\000r\000e\000n\000c\000e}{chapter.5}% 249
\BOOKMARK [2][-]{subsection.5.17.1}{\376\377\0005\000.\0001\0007\000.\0001\000\040\000D\000e\000t\000a\000i\000l\000e\000d\000\040\000D\000e\000s\000c\000r\000i\000p\000t\000i\000o\000n}{section.5.17}% 250
\BOOKMARK [2][-]{subsection.5.17.2}{\376\377\0005\000.\0001\0007\000.\0002\000\040\000M\000a\000c\000r\000o\000\040\000D\000e\000f\000i\000n\000i\000t\000i\000o\000n\000\040\000D\000o\000c\000u\000m\000e\000n\000t\000a\000t\000i\000o\000n}{section.5.17}% 251
\BOOKMARK [3][-]{subsubsection.5.17.2.1}{\376\377\0005\000.\0001\0007\000.\0002\000.\0001\000\040\000M\000A\000X\000B\000U\000F}{subsection.5.17.2}% 252
\BOOKMARK [2][-]{subsection.5.17.3}{\376\377\0005\000.\0001\0007\000.\0003\000\040\000F\000u\000n\000c\000t\000i\000o\000n\000\040\000D\000o\000c\000u\000m\000e\000n\000t\000a\000t\000i\000o\000n}{section.5.17}% 253
\BOOKMARK [3][-]{subsubsection.5.17.3.1}{\376\377\0005\000.\0001\0007\000.\0003\000.\0001\000\040\000m\000a\000i\000n\000\050\000\051}{subsection.5.17.3}% 254
\BOOKMARK [1][-]{section.5.18}{\376\377\0005\000.\0001\0008\000\040\000u\000n\000i\000d\000u\000p\000.\000c}{chapter.5}% 255
\BOOKMARK [1][-]{section.5.19}{\376\377\0005\000.\0001\0009\000\040\000s\000r\000c\000/\000u\000n\000i\000f\000o\000n\000t\000-\000s\000u\000p\000p\000o\000r\000t\000.\000c\000\040\000F\000i\000l\000e\000\040\000R\000e\000f\000e\000r\000e\000n\000c\000e}{chapter.5}% 256
\BOOKMARK [2][-]{subsection.5.19.1}{\376\377\0005\000.\0001\0009\000.\0001\000\040\000D\000e\000t\000a\000i\000l\000e\000d\000\040\000D\000e\000s\000c\000r\000i\000p\000t\000i\000o\000n}{section.5.19}% 257
\BOOKMARK [2][-]{subsection.5.19.2}{\376\377\0005\000.\0001\0009\000.\0002\000\040\000F\000u\000n\000c\000t\000i\000o\000n\000\040\000D\000o\000c\000u\000m\000e\000n\000t\000a\000t\000i\000o\000n}{section.5.19}% 258
\BOOKMARK [3][-]{subsubsection.5.19.2.1}{\376\377\0005\000.\0001\0009\000.\0002\000.\0001\000\040\000g\000l\000y\000p\000h\0002\000b\000i\000t\000s\000\050\000\051}{subsection.5.19.2}% 259
\BOOKMARK [3][-]{subsubsection.5.19.2.2}{\376\377\0005\000.\0001\0009\000.\0002\000.\0002\000\040\000g\000l\000y\000p\000h\0002\000s\000t\000r\000i\000n\000g\000\050\000\051}{subsection.5.19.2}% 260
\BOOKMARK [3][-]{subsubsection.5.19.2.3}{\376\377\0005\000.\0001\0009\000.\0002\000.\0003\000\040\000h\000e\000x\000p\000o\000s\000e\000\050\000\051}{subsection.5.19.2}% 261
\BOOKMARK [3][-]{subsubsection.5.19.2.4}{\376\377\0005\000.\0001\0009\000.\0002\000.\0004\000\040\000p\000a\000r\000s\000e\000\137\000h\000e\000x\000\050\000\051}{subsection.5.19.2}% 262
\BOOKMARK [3][-]{subsubsection.5.19.2.5}{\376\377\0005\000.\0001\0009\000.\0002\000.\0005\000\040\000x\000g\000l\000y\000p\000h\0002\000s\000t\000r\000i\000n\000g\000\050\000\051}{subsection.5.19.2}% 263
\BOOKMARK [1][-]{section.5.20}{\376\377\0005\000.\0002\0000\000\040\000u\000n\000i\000f\000o\000n\000t\000-\000s\000u\000p\000p\000o\000r\000t\000.\000c}{chapter.5}% 264
\BOOKMARK [1][-]{section.5.21}{\376\377\0005\000.\0002\0001\000\040\000s\000r\000c\000/\000u\000n\000i\000f\000o\000n\000t\0001\000p\000e\000r\000.\000c\000\040\000F\000i\000l\000e\000\040\000R\000e\000f\000e\000r\000e\000n\000c\000e}{chapter.5}% 265
\BOOKMARK [2][-]{subsection.5.21.1}{\376\377\0005\000.\0002\0001\000.\0001\000\040\000D\000e\000t\000a\000i\000l\000e\000d\000\040\000D\000e\000s\000c\000r\000i\000p\000t\000i\000o\000n}{section.5.21}% 266
\BOOKMARK [2][-]{subsection.5.21.2}{\376\377\0005\000.\0002\0001\000.\0002\000\040\000M\000a\000c\000r\000o\000\040\000D\000e\000f\000i\000n\000i\000t\000i\000o\000n\000\040\000D\000o\000c\000u\000m\000e\000n\000t\000a\000t\000i\000o\000n}{section.5.21}% 267
\BOOKMARK [3][-]{subsubsection.5.21.2.1}{\376\377\0005\000.\0002\0001\000.\0002\000.\0001\000\040\000M\000A\000X\000F\000I\000L\000E\000N\000A\000M\000E}{subsection.5.21.2}% 268
\BOOKMARK [3][-]{subsubsection.5.21.2.2}{\376\377\0005\000.\0002\0001\000.\0002\000.\0002\000\040\000M\000A\000X\000S\000T\000R\000I\000N\000G}{subsection.5.21.2}% 269
\BOOKMARK [2][-]{subsection.5.21.3}{\376\377\0005\000.\0002\0001\000.\0003\000\040\000F\000u\000n\000c\000t\000i\000o\000n\000\040\000D\000o\000c\000u\000m\000e\000n\000t\000a\000t\000i\000o\000n}{section.5.21}% 270
\BOOKMARK [3][-]{subsubsection.5.21.3.1}{\376\377\0005\000.\0002\0001\000.\0003\000.\0001\000\040\000m\000a\000i\000n\000\050\000\051}{subsection.5.21.3}% 271
\BOOKMARK [1][-]{section.5.22}{\376\377\0005\000.\0002\0002\000\040\000u\000n\000i\000f\000o\000n\000t\0001\000p\000e\000r\000.\000c}{chapter.5}% 272
\BOOKMARK [1][-]{section.5.23}{\376\377\0005\000.\0002\0003\000\040\000s\000r\000c\000/\000u\000n\000i\000f\000o\000n\000t\000p\000i\000c\000.\000c\000\040\000F\000i\000l\000e\000\040\000R\000e\000f\000e\000r\000e\000n\000c\000e}{chapter.5}% 273
\BOOKMARK [2][-]{subsection.5.23.1}{\376\377\0005\000.\0002\0003\000.\0001\000\040\000D\000e\000t\000a\000i\000l\000e\000d\000\040\000D\000e\000s\000c\000r\000i\000p\000t\000i\000o\000n}{section.5.23}% 274
\BOOKMARK [2][-]{subsection.5.23.2}{\376\377\0005\000.\0002\0003\000.\0002\000\040\000M\000a\000c\000r\000o\000\040\000D\000e\000f\000i\000n\000i\000t\000i\000o\000n\000\040\000D\000o\000c\000u\000m\000e\000n\000t\000a\000t\000i\000o\000n}{section.5.23}% 275
\BOOKMARK [3][-]{subsubsection.5.23.2.1}{\376\377\0005\000.\0002\0003\000.\0002\000.\0001\000\040\000H\000D\000R\000\137\000L\000E\000N}{subsection.5.23.2}% 276
\BOOKMARK [2][-]{subsection.5.23.3}{\376\377\0005\000.\0002\0003\000.\0003\000\040\000F\000u\000n\000c\000t\000i\000o\000n\000\040\000D\000o\000c\000u\000m\000e\000n\000t\000a\000t\000i\000o\000n}{section.5.23}% 277
\BOOKMARK [3][-]{subsubsection.5.23.3.1}{\376\377\0005\000.\0002\0003\000.\0003\000.\0001\000\040\000g\000e\000n\000l\000o\000n\000g\000b\000m\000p\000\050\000\051}{subsection.5.23.3}% 278
\BOOKMARK [3][-]{subsubsection.5.23.3.2}{\376\377\0005\000.\0002\0003\000.\0003\000.\0002\000\040\000g\000e\000n\000w\000i\000d\000e\000b\000m\000p\000\050\000\051}{subsection.5.23.3}% 279
\BOOKMARK [3][-]{subsubsection.5.23.3.3}{\376\377\0005\000.\0002\0003\000.\0003\000.\0003\000\040\000g\000e\000t\000h\000e\000x\000\050\000\051}{subsection.5.23.3}% 280
\BOOKMARK [3][-]{subsubsection.5.23.3.4}{\376\377\0005\000.\0002\0003\000.\0003\000.\0004\000\040\000m\000a\000i\000n\000\050\000\051}{subsection.5.23.3}% 281
\BOOKMARK [3][-]{subsubsection.5.23.3.5}{\376\377\0005\000.\0002\0003\000.\0003\000.\0005\000\040\000o\000u\000t\000p\000u\000t\0002\000\050\000\051}{subsection.5.23.3}% 282
\BOOKMARK [3][-]{subsubsection.5.23.3.6}{\376\377\0005\000.\0002\0003\000.\0003\000.\0006\000\040\000o\000u\000t\000p\000u\000t\0004\000\050\000\051}{subsection.5.23.3}% 283
\BOOKMARK [1][-]{section.5.24}{\376\377\0005\000.\0002\0004\000\040\000u\000n\000i\000f\000o\000n\000t\000p\000i\000c\000.\000c}{chapter.5}% 284
\BOOKMARK [1][-]{section.5.25}{\376\377\0005\000.\0002\0005\000\040\000s\000r\000c\000/\000u\000n\000i\000f\000o\000n\000t\000p\000i\000c\000.\000h\000\040\000F\000i\000l\000e\000\040\000R\000e\000f\000e\000r\000e\000n\000c\000e}{chapter.5}% 285
\BOOKMARK [2][-]{subsection.5.25.1}{\376\377\0005\000.\0002\0005\000.\0001\000\040\000D\000e\000t\000a\000i\000l\000e\000d\000\040\000D\000e\000s\000c\000r\000i\000p\000t\000i\000o\000n}{section.5.25}% 286
\BOOKMARK [2][-]{subsection.5.25.2}{\376\377\0005\000.\0002\0005\000.\0002\000\040\000M\000a\000c\000r\000o\000\040\000D\000e\000f\000i\000n\000i\000t\000i\000o\000n\000\040\000D\000o\000c\000u\000m\000e\000n\000t\000a\000t\000i\000o\000n}{section.5.25}% 287
\BOOKMARK [3][-]{subsubsection.5.25.2.1}{\376\377\0005\000.\0002\0005\000.\0002\000.\0001\000\040\000H\000E\000A\000D\000E\000R\000\137\000S\000T\000R\000I\000N\000G}{subsection.5.25.2}% 288
\BOOKMARK [3][-]{subsubsection.5.25.2.2}{\376\377\0005\000.\0002\0005\000.\0002\000.\0002\000\040\000M\000A\000X\000S\000T\000R\000I\000N\000G}{subsection.5.25.2}% 289
\BOOKMARK [2][-]{subsection.5.25.3}{\376\377\0005\000.\0002\0005\000.\0003\000\040\000V\000a\000r\000i\000a\000b\000l\000e\000\040\000D\000o\000c\000u\000m\000e\000n\000t\000a\000t\000i\000o\000n}{section.5.25}% 290
\BOOKMARK [3][-]{subsubsection.5.25.3.1}{\376\377\0005\000.\0002\0005\000.\0003\000.\0001\000\040\000a\000s\000c\000i\000i\000\137\000b\000i\000t\000s}{subsection.5.25.3}% 291
\BOOKMARK [3][-]{subsubsection.5.25.3.2}{\376\377\0005\000.\0002\0005\000.\0003\000.\0002\000\040\000a\000s\000c\000i\000i\000\137\000h\000e\000x}{subsection.5.25.3}% 292
\BOOKMARK [3][-]{subsubsection.5.25.3.3}{\376\377\0005\000.\0002\0005\000.\0003\000.\0003\000\040\000h\000e\000x\000d\000i\000g\000i\000t}{subsection.5.25.3}% 293
\BOOKMARK [1][-]{section.5.26}{\376\377\0005\000.\0002\0006\000\040\000u\000n\000i\000f\000o\000n\000t\000p\000i\000c\000.\000h}{chapter.5}% 294
\BOOKMARK [1][-]{section.5.27}{\376\377\0005\000.\0002\0007\000\040\000s\000r\000c\000/\000u\000n\000i\000g\000e\000n\000-\000h\000a\000n\000g\000u\000l\000.\000c\000\040\000F\000i\000l\000e\000\040\000R\000e\000f\000e\000r\000e\000n\000c\000e}{chapter.5}% 295
\BOOKMARK [2][-]{subsection.5.27.1}{\376\377\0005\000.\0002\0007\000.\0001\000\040\000D\000e\000t\000a\000i\000l\000e\000d\000\040\000D\000e\000s\000c\000r\000i\000p\000t\000i\000o\000n}{section.5.27}% 296
\BOOKMARK [2][-]{subsection.5.27.2}{\376\377\0005\000.\0002\0007\000.\0002\000\040\000F\000u\000n\000c\000t\000i\000o\000n\000\040\000D\000o\000c\000u\000m\000e\000n\000t\000a\000t\000i\000o\000n}{section.5.27}% 297
\BOOKMARK [3][-]{subsubsection.5.27.2.1}{\376\377\0005\000.\0002\0007\000.\0002\000.\0001\000\040\000g\000e\000t\000\137\000h\000e\000x\000\137\000r\000a\000n\000g\000e\000\050\000\051}{subsection.5.27.2}% 298
\BOOKMARK [3][-]{subsubsection.5.27.2.2}{\376\377\0005\000.\0002\0007\000.\0002\000.\0002\000\040\000m\000a\000i\000n\000\050\000\051}{subsection.5.27.2}% 299
\BOOKMARK [3][-]{subsubsection.5.27.2.3}{\376\377\0005\000.\0002\0007\000.\0002\000.\0003\000\040\000p\000a\000r\000s\000e\000\137\000a\000r\000g\000s\000\050\000\051}{subsection.5.27.2}% 300
\BOOKMARK [1][-]{section.5.28}{\376\377\0005\000.\0002\0008\000\040\000u\000n\000i\000g\000e\000n\000-\000h\000a\000n\000g\000u\000l\000.\000c}{chapter.5}% 301
\BOOKMARK [1][-]{section.5.29}{\376\377\0005\000.\0002\0009\000\040\000s\000r\000c\000/\000u\000n\000i\000g\000e\000n\000c\000i\000r\000c\000l\000e\000s\000.\000c\000\040\000F\000i\000l\000e\000\040\000R\000e\000f\000e\000r\000e\000n\000c\000e}{chapter.5}% 302
\BOOKMARK [2][-]{subsection.5.29.1}{\376\377\0005\000.\0002\0009\000.\0001\000\040\000D\000e\000t\000a\000i\000l\000e\000d\000\040\000D\000e\000s\000c\000r\000i\000p\000t\000i\000o\000n}{section.5.29}% 303
\BOOKMARK [2][-]{subsection.5.29.2}{\376\377\0005\000.\0002\0009\000.\0002\000\040\000M\000a\000c\000r\000o\000\040\000D\000e\000f\000i\000n\000i\000t\000i\000o\000n\000\040\000D\000o\000c\000u\000m\000e\000n\000t\000a\000t\000i\000o\000n}{section.5.29}% 304
\BOOKMARK [3][-]{subsubsection.5.29.2.1}{\376\377\0005\000.\0002\0009\000.\0002\000.\0001\000\040\000M\000A\000X\000S\000T\000R\000I\000N\000G}{subsection.5.29.2}% 305
\BOOKMARK [2][-]{subsection.5.29.3}{\376\377\0005\000.\0002\0009\000.\0003\000\040\000F\000u\000n\000c\000t\000i\000o\000n\000\040\000D\000o\000c\000u\000m\000e\000n\000t\000a\000t\000i\000o\000n}{section.5.29}% 306
\BOOKMARK [3][-]{subsubsection.5.29.3.1}{\376\377\0005\000.\0002\0009\000.\0003\000.\0001\000\040\000a\000d\000d\000\137\000d\000o\000u\000b\000l\000e\000\137\000c\000i\000r\000c\000l\000e\000\050\000\051}{subsection.5.29.3}% 307
\BOOKMARK [3][-]{subsubsection.5.29.3.2}{\376\377\0005\000.\0002\0009\000.\0003\000.\0002\000\040\000a\000d\000d\000\137\000s\000i\000n\000g\000l\000e\000\137\000c\000i\000r\000c\000l\000e\000\050\000\051}{subsection.5.29.3}% 308
\BOOKMARK [3][-]{subsubsection.5.29.3.3}{\376\377\0005\000.\0002\0009\000.\0003\000.\0003\000\040\000m\000a\000i\000n\000\050\000\051}{subsection.5.29.3}% 309
\BOOKMARK [1][-]{section.5.30}{\376\377\0005\000.\0003\0000\000\040\000u\000n\000i\000g\000e\000n\000c\000i\000r\000c\000l\000e\000s\000.\000c}{chapter.5}% 310
\BOOKMARK [1][-]{section.5.31}{\376\377\0005\000.\0003\0001\000\040\000s\000r\000c\000/\000u\000n\000i\000g\000e\000n\000w\000i\000d\000t\000h\000.\000c\000\040\000F\000i\000l\000e\000\040\000R\000e\000f\000e\000r\000e\000n\000c\000e}{chapter.5}% 311
\BOOKMARK [2][-]{subsection.5.31.1}{\376\377\0005\000.\0003\0001\000.\0001\000\040\000D\000e\000t\000a\000i\000l\000e\000d\000\040\000D\000e\000s\000c\000r\000i\000p\000t\000i\000o\000n}{section.5.31}% 312
\BOOKMARK [2][-]{subsection.5.31.2}{\376\377\0005\000.\0003\0001\000.\0002\000\040\000M\000a\000c\000r\000o\000\040\000D\000e\000f\000i\000n\000i\000t\000i\000o\000n\000\040\000D\000o\000c\000u\000m\000e\000n\000t\000a\000t\000i\000o\000n}{section.5.31}% 313
\BOOKMARK [3][-]{subsubsection.5.31.2.1}{\376\377\0005\000.\0003\0001\000.\0002\000.\0001\000\040\000M\000A\000X\000S\000T\000R\000I\000N\000G}{subsection.5.31.2}% 314
\BOOKMARK [3][-]{subsubsection.5.31.2.2}{\376\377\0005\000.\0003\0001\000.\0002\000.\0002\000\040\000P\000I\000K\000T\000O\000\137\000E\000N\000D}{subsection.5.31.2}% 315
\BOOKMARK [3][-]{subsubsection.5.31.2.3}{\376\377\0005\000.\0003\0001\000.\0002\000.\0003\000\040\000P\000I\000K\000T\000O\000\137\000S\000I\000Z\000E}{subsection.5.31.2}% 316
\BOOKMARK [3][-]{subsubsection.5.31.2.4}{\376\377\0005\000.\0003\0001\000.\0002\000.\0004\000\040\000P\000I\000K\000T\000O\000\137\000S\000T\000A\000R\000T}{subsection.5.31.2}% 317
\BOOKMARK [2][-]{subsection.5.31.3}{\376\377\0005\000.\0003\0001\000.\0003\000\040\000F\000u\000n\000c\000t\000i\000o\000n\000\040\000D\000o\000c\000u\000m\000e\000n\000t\000a\000t\000i\000o\000n}{section.5.31}% 318
\BOOKMARK [3][-]{subsubsection.5.31.3.1}{\376\377\0005\000.\0003\0001\000.\0003\000.\0001\000\040\000m\000a\000i\000n\000\050\000\051}{subsection.5.31.3}% 319
\BOOKMARK [1][-]{section.5.32}{\376\377\0005\000.\0003\0002\000\040\000u\000n\000i\000g\000e\000n\000w\000i\000d\000t\000h\000.\000c}{chapter.5}% 320
\BOOKMARK [1][-]{section.5.33}{\376\377\0005\000.\0003\0003\000\040\000s\000r\000c\000/\000u\000n\000i\000h\000a\000n\000g\000u\000l\000-\000s\000u\000p\000p\000o\000r\000t\000.\000c\000\040\000F\000i\000l\000e\000\040\000R\000e\000f\000e\000r\000e\000n\000c\000e}{chapter.5}% 321
\BOOKMARK [2][-]{subsection.5.33.1}{\376\377\0005\000.\0003\0003\000.\0001\000\040\000D\000e\000t\000a\000i\000l\000e\000d\000\040\000D\000e\000s\000c\000r\000i\000p\000t\000i\000o\000n}{section.5.33}% 322
\BOOKMARK [2][-]{subsection.5.33.2}{\376\377\0005\000.\0003\0003\000.\0002\000\040\000F\000u\000n\000c\000t\000i\000o\000n\000\040\000D\000o\000c\000u\000m\000e\000n\000t\000a\000t\000i\000o\000n}{section.5.33}% 323
\BOOKMARK [3][-]{subsubsection.5.33.2.1}{\376\377\0005\000.\0003\0003\000.\0002\000.\0001\000\040\000c\000h\000o\000\137\000v\000a\000r\000i\000a\000t\000i\000o\000n\000\050\000\051}{subsection.5.33.2}% 324
\BOOKMARK [3][-]{subsubsection.5.33.2.2}{\376\377\0005\000.\0003\0003\000.\0002\000.\0002\000\040\000c\000o\000m\000b\000i\000n\000e\000\137\000g\000l\000y\000p\000h\000s\000\050\000\051}{subsection.5.33.2}% 325
\BOOKMARK [3][-]{subsubsection.5.33.2.3}{\376\377\0005\000.\0003\0003\000.\0002\000.\0003\000\040\000c\000o\000m\000b\000i\000n\000e\000d\000\137\000j\000a\000m\000o\000\050\000\051}{subsection.5.33.2}% 326
\BOOKMARK [3][-]{subsubsection.5.33.2.4}{\376\377\0005\000.\0003\0003\000.\0002\000.\0004\000\040\000g\000l\000y\000p\000h\000\137\000o\000v\000e\000r\000l\000a\000p\000\050\000\051}{subsection.5.33.2}% 327
\BOOKMARK [3][-]{subsubsection.5.33.2.5}{\376\377\0005\000.\0003\0003\000.\0002\000.\0005\000\040\000h\000a\000n\000g\000u\000l\000\137\000c\000o\000m\000p\000o\000s\000e\000\050\000\051}{subsection.5.33.2}% 328
\BOOKMARK [3][-]{subsubsection.5.33.2.6}{\376\377\0005\000.\0003\0003\000.\0002\000.\0006\000\040\000h\000a\000n\000g\000u\000l\000\137\000d\000e\000c\000o\000m\000p\000o\000s\000e\000\050\000\051}{subsection.5.33.2}% 329
\BOOKMARK [3][-]{subsubsection.5.33.2.7}{\376\377\0005\000.\0003\0003\000.\0002\000.\0007\000\040\000h\000a\000n\000g\000u\000l\000\137\000h\000e\000x\000\137\000i\000n\000d\000i\000c\000e\000s\000\050\000\051}{subsection.5.33.2}% 330
\BOOKMARK [3][-]{subsubsection.5.33.2.8}{\376\377\0005\000.\0003\0003\000.\0002\000.\0008\000\040\000h\000a\000n\000g\000u\000l\000\137\000r\000e\000a\000d\000\137\000b\000a\000s\000e\0001\0006\000\050\000\051}{subsection.5.33.2}% 331
\BOOKMARK [3][-]{subsubsection.5.33.2.9}{\376\377\0005\000.\0003\0003\000.\0002\000.\0009\000\040\000h\000a\000n\000g\000u\000l\000\137\000r\000e\000a\000d\000\137\000b\000a\000s\000e\0008\000\050\000\051}{subsection.5.33.2}% 332
\BOOKMARK [3][-]{subsubsection.5.33.2.10}{\376\377\0005\000.\0003\0003\000.\0002\000.\0001\0000\000\040\000h\000a\000n\000g\000u\000l\000\137\000s\000y\000l\000l\000a\000b\000l\000e\000\050\000\051}{subsection.5.33.2}% 333
\BOOKMARK [3][-]{subsubsection.5.33.2.11}{\376\377\0005\000.\0003\0003\000.\0002\000.\0001\0001\000\040\000h\000a\000n\000g\000u\000l\000\137\000v\000a\000r\000i\000a\000t\000i\000o\000n\000s\000\050\000\051}{subsection.5.33.2}% 334
\BOOKMARK [3][-]{subsubsection.5.33.2.12}{\376\377\0005\000.\0003\0003\000.\0002\000.\0001\0002\000\040\000i\000s\000\137\000w\000i\000d\000e\000\137\000v\000o\000w\000e\000l\000\050\000\051}{subsection.5.33.2}% 335
\BOOKMARK [3][-]{subsubsection.5.33.2.13}{\376\377\0005\000.\0003\0003\000.\0002\000.\0001\0003\000\040\000j\000o\000n\000g\000\137\000v\000a\000r\000i\000a\000t\000i\000o\000n\000\050\000\051}{subsection.5.33.2}% 336
\BOOKMARK [3][-]{subsubsection.5.33.2.14}{\376\377\0005\000.\0003\0003\000.\0002\000.\0001\0004\000\040\000j\000u\000n\000g\000\137\000v\000a\000r\000i\000a\000t\000i\000o\000n\000\050\000\051}{subsection.5.33.2}% 337
\BOOKMARK [3][-]{subsubsection.5.33.2.15}{\376\377\0005\000.\0003\0003\000.\0002\000.\0001\0005\000\040\000o\000n\000e\000\137\000j\000a\000m\000o\000\050\000\051}{subsection.5.33.2}% 338
\BOOKMARK [3][-]{subsubsection.5.33.2.16}{\376\377\0005\000.\0003\0003\000.\0002\000.\0001\0006\000\040\000p\000r\000i\000n\000t\000\137\000g\000l\000y\000p\000h\000\137\000h\000e\000x\000\050\000\051}{subsection.5.33.2}% 339
\BOOKMARK [3][-]{subsubsection.5.33.2.17}{\376\377\0005\000.\0003\0003\000.\0002\000.\0001\0007\000\040\000p\000r\000i\000n\000t\000\137\000g\000l\000y\000p\000h\000\137\000t\000x\000t\000\050\000\051}{subsection.5.33.2}% 340
\BOOKMARK [1][-]{section.5.34}{\376\377\0005\000.\0003\0004\000\040\000u\000n\000i\000h\000a\000n\000g\000u\000l\000-\000s\000u\000p\000p\000o\000r\000t\000.\000c}{chapter.5}% 341
\BOOKMARK [1][-]{section.5.35}{\376\377\0005\000.\0003\0005\000\040\000s\000r\000c\000/\000u\000n\000i\000h\000e\000x\0002\000b\000m\000p\000.\000c\000\040\000F\000i\000l\000e\000\040\000R\000e\000f\000e\000r\000e\000n\000c\000e}{chapter.5}% 342
\BOOKMARK [2][-]{subsection.5.35.1}{\376\377\0005\000.\0003\0005\000.\0001\000\040\000D\000e\000t\000a\000i\000l\000e\000d\000\040\000D\000e\000s\000c\000r\000i\000p\000t\000i\000o\000n}{section.5.35}% 343
\BOOKMARK [2][-]{subsection.5.35.2}{\376\377\0005\000.\0003\0005\000.\0002\000\040\000M\000a\000c\000r\000o\000\040\000D\000e\000f\000i\000n\000i\000t\000i\000o\000n\000\040\000D\000o\000c\000u\000m\000e\000n\000t\000a\000t\000i\000o\000n}{section.5.35}% 344
\BOOKMARK [3][-]{subsubsection.5.35.2.1}{\376\377\0005\000.\0003\0005\000.\0002\000.\0001\000\040\000M\000A\000X\000B\000U\000F}{subsection.5.35.2}% 345
\BOOKMARK [2][-]{subsection.5.35.3}{\376\377\0005\000.\0003\0005\000.\0003\000\040\000F\000u\000n\000c\000t\000i\000o\000n\000\040\000D\000o\000c\000u\000m\000e\000n\000t\000a\000t\000i\000o\000n}{section.5.35}% 346
\BOOKMARK [3][-]{subsubsection.5.35.3.1}{\376\377\0005\000.\0003\0005\000.\0003\000.\0001\000\040\000h\000e\000x\0002\000b\000i\000t\000\050\000\051}{subsection.5.35.3}% 347
\BOOKMARK [3][-]{subsubsection.5.35.3.2}{\376\377\0005\000.\0003\0005\000.\0003\000.\0002\000\040\000i\000n\000i\000t\000\050\000\051}{subsection.5.35.3}% 348
\BOOKMARK [3][-]{subsubsection.5.35.3.3}{\376\377\0005\000.\0003\0005\000.\0003\000.\0003\000\040\000m\000a\000i\000n\000\050\000\051}{subsection.5.35.3}% 349
\BOOKMARK [2][-]{subsection.5.35.4}{\376\377\0005\000.\0003\0005\000.\0004\000\040\000V\000a\000r\000i\000a\000b\000l\000e\000\040\000D\000o\000c\000u\000m\000e\000n\000t\000a\000t\000i\000o\000n}{section.5.35}% 350
\BOOKMARK [3][-]{subsubsection.5.35.4.1}{\376\377\0005\000.\0003\0005\000.\0004\000.\0001\000\040\000f\000l\000i\000p}{subsection.5.35.4}% 351
\BOOKMARK [3][-]{subsubsection.5.35.4.2}{\376\377\0005\000.\0003\0005\000.\0004\000.\0002\000\040\000h\000e\000x}{subsection.5.35.4}% 352
\BOOKMARK [3][-]{subsubsection.5.35.4.3}{\376\377\0005\000.\0003\0005\000.\0004\000.\0003\000\040\000h\000e\000x\000b\000i\000t\000s}{subsection.5.35.4}% 353
\BOOKMARK [3][-]{subsubsection.5.35.4.4}{\376\377\0005\000.\0003\0005\000.\0004\000.\0004\000\040\000u\000n\000i\000p\000a\000g\000e}{subsection.5.35.4}% 354
\BOOKMARK [1][-]{section.5.36}{\376\377\0005\000.\0003\0006\000\040\000u\000n\000i\000h\000e\000x\0002\000b\000m\000p\000.\000c}{chapter.5}% 355
\BOOKMARK [1][-]{section.5.37}{\376\377\0005\000.\0003\0007\000\040\000s\000r\000c\000/\000u\000n\000i\000h\000e\000x\000g\000e\000n\000.\000c\000\040\000F\000i\000l\000e\000\040\000R\000e\000f\000e\000r\000e\000n\000c\000e}{chapter.5}% 356
\BOOKMARK [2][-]{subsection.5.37.1}{\376\377\0005\000.\0003\0007\000.\0001\000\040\000D\000e\000t\000a\000i\000l\000e\000d\000\040\000D\000e\000s\000c\000r\000i\000p\000t\000i\000o\000n}{section.5.37}% 357
\BOOKMARK [2][-]{subsection.5.37.2}{\376\377\0005\000.\0003\0007\000.\0002\000\040\000F\000u\000n\000c\000t\000i\000o\000n\000\040\000D\000o\000c\000u\000m\000e\000n\000t\000a\000t\000i\000o\000n}{section.5.37}% 358
\BOOKMARK [3][-]{subsubsection.5.37.2.1}{\376\377\0005\000.\0003\0007\000.\0002\000.\0001\000\040\000h\000e\000x\000p\000r\000i\000n\000t\0004\000\050\000\051}{subsection.5.37.2}% 359
\BOOKMARK [3][-]{subsubsection.5.37.2.2}{\376\377\0005\000.\0003\0007\000.\0002\000.\0002\000\040\000h\000e\000x\000p\000r\000i\000n\000t\0006\000\050\000\051}{subsection.5.37.2}% 360
\BOOKMARK [3][-]{subsubsection.5.37.2.3}{\376\377\0005\000.\0003\0007\000.\0002\000.\0003\000\040\000m\000a\000i\000n\000\050\000\051}{subsection.5.37.2}% 361
\BOOKMARK [2][-]{subsection.5.37.3}{\376\377\0005\000.\0003\0007\000.\0003\000\040\000V\000a\000r\000i\000a\000b\000l\000e\000\040\000D\000o\000c\000u\000m\000e\000n\000t\000a\000t\000i\000o\000n}{section.5.37}% 362
\BOOKMARK [3][-]{subsubsection.5.37.3.1}{\376\377\0005\000.\0003\0007\000.\0003\000.\0001\000\040\000h\000e\000x\000d\000i\000g\000i\000t}{subsection.5.37.3}% 363
\BOOKMARK [1][-]{section.5.38}{\376\377\0005\000.\0003\0008\000\040\000u\000n\000i\000h\000e\000x\000g\000e\000n\000.\000c}{chapter.5}% 364
\BOOKMARK [1][-]{section.5.39}{\376\377\0005\000.\0003\0009\000\040\000u\000n\000i\000h\000e\000x\000p\000o\000s\000e\000.\000c}{chapter.5}% 365
\BOOKMARK [1][-]{section.5.40}{\376\377\0005\000.\0004\0000\000\040\000s\000r\000c\000/\000u\000n\000i\000j\000o\000h\000a\000b\0002\000h\000t\000m\000l\000.\000c\000\040\000F\000i\000l\000e\000\040\000R\000e\000f\000e\000r\000e\000n\000c\000e}{chapter.5}% 366
\BOOKMARK [2][-]{subsection.5.40.1}{\376\377\0005\000.\0004\0000\000.\0001\000\040\000D\000e\000t\000a\000i\000l\000e\000d\000\040\000D\000e\000s\000c\000r\000i\000p\000t\000i\000o\000n}{section.5.40}% 367
\BOOKMARK [2][-]{subsection.5.40.2}{\376\377\0005\000.\0004\0000\000.\0002\000\040\000M\000a\000c\000r\000o\000\040\000D\000e\000f\000i\000n\000i\000t\000i\000o\000n\000\040\000D\000o\000c\000u\000m\000e\000n\000t\000a\000t\000i\000o\000n}{section.5.40}% 368
\BOOKMARK [3][-]{subsubsection.5.40.2.1}{\376\377\0005\000.\0004\0000\000.\0002\000.\0001\000\040\000B\000L\000A\000C\000K}{subsection.5.40.2}% 369
\BOOKMARK [3][-]{subsubsection.5.40.2.2}{\376\377\0005\000.\0004\0000\000.\0002\000.\0002\000\040\000B\000L\000U\000E}{subsection.5.40.2}% 370
\BOOKMARK [3][-]{subsubsection.5.40.2.3}{\376\377\0005\000.\0004\0000\000.\0002\000.\0003\000\040\000G\000R\000E\000E\000N}{subsection.5.40.2}% 371
\BOOKMARK [3][-]{subsubsection.5.40.2.4}{\376\377\0005\000.\0004\0000\000.\0002\000.\0004\000\040\000M\000A\000X\000F\000I\000L\000E\000N\000A\000M\000E}{subsection.5.40.2}% 372
\BOOKMARK [3][-]{subsubsection.5.40.2.5}{\376\377\0005\000.\0004\0000\000.\0002\000.\0005\000\040\000R\000E\000D}{subsection.5.40.2}% 373
\BOOKMARK [3][-]{subsubsection.5.40.2.6}{\376\377\0005\000.\0004\0000\000.\0002\000.\0006\000\040\000S\000T\000A\000R\000T\000\137\000J\000U\000N\000G}{subsection.5.40.2}% 374
\BOOKMARK [3][-]{subsubsection.5.40.2.7}{\376\377\0005\000.\0004\0000\000.\0002\000.\0007\000\040\000W\000H\000I\000T\000E}{subsection.5.40.2}% 375
\BOOKMARK [2][-]{subsection.5.40.3}{\376\377\0005\000.\0004\0000\000.\0003\000\040\000F\000u\000n\000c\000t\000i\000o\000n\000\040\000D\000o\000c\000u\000m\000e\000n\000t\000a\000t\000i\000o\000n}{section.5.40}% 376
\BOOKMARK [3][-]{subsubsection.5.40.3.1}{\376\377\0005\000.\0004\0000\000.\0003\000.\0001\000\040\000m\000a\000i\000n\000\050\000\051}{subsection.5.40.3}% 377
\BOOKMARK [3][-]{subsubsection.5.40.3.2}{\376\377\0005\000.\0004\0000\000.\0003\000.\0002\000\040\000p\000a\000r\000s\000e\000\137\000a\000r\000g\000s\000\050\000\051}{subsection.5.40.3}% 378
\BOOKMARK [1][-]{section.5.41}{\376\377\0005\000.\0004\0001\000\040\000u\000n\000i\000j\000o\000h\000a\000b\0002\000h\000t\000m\000l\000.\000c}{chapter.5}% 379
\BOOKMARK [1][-]{section.5.42}{\376\377\0005\000.\0004\0002\000\040\000s\000r\000c\000/\000u\000n\000i\000p\000a\000g\000e\000c\000o\000u\000n\000t\000.\000c\000\040\000F\000i\000l\000e\000\040\000R\000e\000f\000e\000r\000e\000n\000c\000e}{chapter.5}% 380
\BOOKMARK [2][-]{subsection.5.42.1}{\376\377\0005\000.\0004\0002\000.\0001\000\040\000D\000e\000t\000a\000i\000l\000e\000d\000\040\000D\000e\000s\000c\000r\000i\000p\000t\000i\000o\000n}{section.5.42}% 381
\BOOKMARK [2][-]{subsection.5.42.2}{\376\377\0005\000.\0004\0002\000.\0002\000\040\000M\000a\000c\000r\000o\000\040\000D\000e\000f\000i\000n\000i\000t\000i\000o\000n\000\040\000D\000o\000c\000u\000m\000e\000n\000t\000a\000t\000i\000o\000n}{section.5.42}% 382
\BOOKMARK [3][-]{subsubsection.5.42.2.1}{\376\377\0005\000.\0004\0002\000.\0002\000.\0001\000\040\000M\000A\000X\000B\000U\000F}{subsection.5.42.2}% 383
\BOOKMARK [2][-]{subsection.5.42.3}{\376\377\0005\000.\0004\0002\000.\0003\000\040\000F\000u\000n\000c\000t\000i\000o\000n\000\040\000D\000o\000c\000u\000m\000e\000n\000t\000a\000t\000i\000o\000n}{section.5.42}% 384
\BOOKMARK [3][-]{subsubsection.5.42.3.1}{\376\377\0005\000.\0004\0002\000.\0003\000.\0001\000\040\000m\000a\000i\000n\000\050\000\051}{subsection.5.42.3}% 385
\BOOKMARK [3][-]{subsubsection.5.42.3.2}{\376\377\0005\000.\0004\0002\000.\0003\000.\0002\000\040\000m\000k\000f\000t\000a\000b\000l\000e\000\050\000\051}{subsection.5.42.3}% 386
\BOOKMARK [1][-]{section.5.43}{\376\377\0005\000.\0004\0003\000\040\000u\000n\000i\000p\000a\000g\000e\000c\000o\000u\000n\000t\000.\000c}{chapter.5}% 387
